Start testing: Jun 07 10:59 PDT
----------------------------------------------------------
1/88 Testing: Autocoders_Python_templates_ut_exe
1/88 Test: Autocoders_Python_templates_ut_exe
Command: "/Users/rohand/jpl/fprime/test-env/fprime-fork/fprime/all_test/bin/Darwin/Autocoders_Python_templates_ut_exe"
Directory: /Users/rohand/jpl/fprime/test-env/fprime-fork/fprime/all_test/F-Prime/Autocoders/Python/templates
"Autocoders_Python_templates_ut_exe" start time: Jun 07 10:59 PDT
Output:
----------------------------------------------------------
<end of output>
Test time =   0.55 sec
----------------------------------------------------------
Test Passed.
"Autocoders_Python_templates_ut_exe" end time: Jun 07 10:59 PDT
"Autocoders_Python_templates_ut_exe" time elapsed: 00:00:00
----------------------------------------------------------

2/88 Testing: Autocoders_Python_test_array_xml_ut_exe
2/88 Test: Autocoders_Python_test_array_xml_ut_exe
Command: "/Users/rohand/jpl/fprime/test-env/fprime-fork/fprime/all_test/bin/Darwin/Autocoders_Python_test_array_xml_ut_exe"
Directory: /Users/rohand/jpl/fprime/test-env/fprime-fork/fprime/all_test/F-Prime/Autocoders/Python/test/array_xml
"Autocoders_Python_test_array_xml_ut_exe" start time: Jun 07 10:59 PDT
Output:
----------------------------------------------------------
Initialize Arrays
Print toString for arrays
Integer array: [ 6, 7, 120, 444 ]
2D integer array: [ [ 6, 7, 120, 444 ] ]
String array: [ Member 1, Member 2, Member 3 ]
Serialize arrays
Serialized array1
Serialized array2
Serialized arrays
Deserializing arrays
Deserialized array1
Deserialized array2
Deserialized arrays
Successful array1 check
Successful array2 check
Invoked ports
Quitting...
Deleting components...
Delete registration objects...
Completed...
<end of output>
Test time =   0.24 sec
----------------------------------------------------------
Test Passed.
"Autocoders_Python_test_array_xml_ut_exe" end time: Jun 07 10:59 PDT
"Autocoders_Python_test_array_xml_ut_exe" time elapsed: 00:00:00
----------------------------------------------------------

3/88 Testing: Autocoders_Python_test_command_multi_inst_ut_exe
3/88 Test: Autocoders_Python_test_command_multi_inst_ut_exe
Command: "/Users/rohand/jpl/fprime/test-env/fprime-fork/fprime/all_test/bin/Darwin/Autocoders_Python_test_command_multi_inst_ut_exe"
Directory: /Users/rohand/jpl/fprime/test-env/fprime-fork/fprime/all_test/F-Prime/Autocoders/Python/test/command_multi_inst
"Autocoders_Python_test_command_multi_inst_ut_exe" start time: Jun 07 10:59 PDT
Output:
----------------------------------------------------------
<end of output>
Test time =   0.30 sec
----------------------------------------------------------
Test Passed.
"Autocoders_Python_test_command_multi_inst_ut_exe" end time: Jun 07 10:59 PDT
"Autocoders_Python_test_command_multi_inst_ut_exe" time elapsed: 00:00:00
----------------------------------------------------------

4/88 Testing: Autocoders_Python_test_command_res_ut_exe
4/88 Test: Autocoders_Python_test_command_res_ut_exe
Command: "/Users/rohand/jpl/fprime/test-env/fprime-fork/fprime/all_test/bin/Darwin/Autocoders_Python_test_command_res_ut_exe"
Directory: /Users/rohand/jpl/fprime/test-env/fprime-fork/fprime/all_test/F-Prime/Autocoders/Python/test/command_res
"Autocoders_Python_test_command_res_ut_exe" start time: Jun 07 10:59 PDT
Output:
----------------------------------------------------------
[==========] Running 1 test from 1 test suite.
[----------] Global test environment set-up.
[----------] 1 test from Test
[ RUN      ] Test.CmdResidual
[       OK ] Test.CmdResidual (0 ms)
[----------] 1 test from Test (0 ms total)

[----------] Global test environment tear-down
[==========] 1 test from 1 test suite ran. (0 ms total)
[  PASSED  ] 1 test.
<end of output>
Test time =   0.31 sec
----------------------------------------------------------
Test Passed.
"Autocoders_Python_test_command_res_ut_exe" end time: Jun 07 10:59 PDT
"Autocoders_Python_test_command_res_ut_exe" time elapsed: 00:00:00
----------------------------------------------------------

5/88 Testing: Autocoders_Python_test_command_string_ut_exe
5/88 Test: Autocoders_Python_test_command_string_ut_exe
Command: "/Users/rohand/jpl/fprime/test-env/fprime-fork/fprime/all_test/bin/Darwin/Autocoders_Python_test_command_string_ut_exe"
Directory: /Users/rohand/jpl/fprime/test-env/fprime-fork/fprime/all_test/F-Prime/Autocoders/Python/test/command_string
"Autocoders_Python_test_command_string_ut_exe" start time: Jun 07 10:59 PDT
Output:
----------------------------------------------------------
<end of output>
Test time =   0.30 sec
----------------------------------------------------------
Test Passed.
"Autocoders_Python_test_command_string_ut_exe" end time: Jun 07 10:59 PDT
"Autocoders_Python_test_command_string_ut_exe" time elapsed: 00:00:00
----------------------------------------------------------

6/88 Testing: Autocoders_Python_test_command_tester_ut_exe
6/88 Test: Autocoders_Python_test_command_tester_ut_exe
Command: "/Users/rohand/jpl/fprime/test-env/fprime-fork/fprime/all_test/bin/Darwin/Autocoders_Python_test_command_tester_ut_exe"
Directory: /Users/rohand/jpl/fprime/test-env/fprime-fork/fprime/all_test/F-Prime/Autocoders/Python/test/command_tester
"Autocoders_Python_test_command_tester_ut_exe" start time: Jun 07 10:59 PDT
Output:
----------------------------------------------------------
<end of output>
Test time =   0.31 sec
----------------------------------------------------------
Test Passed.
"Autocoders_Python_test_command_tester_ut_exe" end time: Jun 07 10:59 PDT
"Autocoders_Python_test_command_tester_ut_exe" time elapsed: 00:00:00
----------------------------------------------------------

7/88 Testing: Autocoders_Python_test_command1_ut_exe
7/88 Test: Autocoders_Python_test_command1_ut_exe
Command: "/Users/rohand/jpl/fprime/test-env/fprime-fork/fprime/all_test/bin/Darwin/Autocoders_Python_test_command1_ut_exe"
Directory: /Users/rohand/jpl/fprime/test-env/fprime-fork/fprime/all_test/F-Prime/Autocoders/Python/test/command1
"Autocoders_Python_test_command1_ut_exe" start time: Jun 07 10:59 PDT
Output:
----------------------------------------------------------
<end of output>
Test time =   0.31 sec
----------------------------------------------------------
Test Passed.
"Autocoders_Python_test_command1_ut_exe" end time: Jun 07 10:59 PDT
"Autocoders_Python_test_command1_ut_exe" time elapsed: 00:00:00
----------------------------------------------------------

8/88 Testing: Autocoders_Python_test_command2_ut_exe
8/88 Test: Autocoders_Python_test_command2_ut_exe
Command: "/Users/rohand/jpl/fprime/test-env/fprime-fork/fprime/all_test/bin/Darwin/Autocoders_Python_test_command2_ut_exe"
Directory: /Users/rohand/jpl/fprime/test-env/fprime-fork/fprime/all_test/F-Prime/Autocoders/Python/test/command2
"Autocoders_Python_test_command2_ut_exe" start time: Jun 07 10:59 PDT
Output:
----------------------------------------------------------
[==========] Running 1 test from 1 test suite.
[----------] Global test environment set-up.
[----------] 1 test from Test
[ RUN      ] Test.Miscellaneous
[       OK ] Test.Miscellaneous (0 ms)
[----------] 1 test from Test (0 ms total)

[----------] Global test environment tear-down
[==========] 1 test from 1 test suite ran. (0 ms total)
[  PASSED  ] 1 test.
<end of output>
Test time =   0.33 sec
----------------------------------------------------------
Test Passed.
"Autocoders_Python_test_command2_ut_exe" end time: Jun 07 10:59 PDT
"Autocoders_Python_test_command2_ut_exe" time elapsed: 00:00:00
----------------------------------------------------------

9/88 Testing: Autocoders_Python_test_comp_diff_namespace_ut_exe
9/88 Test: Autocoders_Python_test_comp_diff_namespace_ut_exe
Command: "/Users/rohand/jpl/fprime/test-env/fprime-fork/fprime/all_test/bin/Darwin/Autocoders_Python_test_comp_diff_namespace_ut_exe"
Directory: /Users/rohand/jpl/fprime/test-env/fprime-fork/fprime/all_test/F-Prime/Autocoders/Python/test/comp_diff_namespace
"Autocoders_Python_test_comp_diff_namespace_ut_exe" start time: Jun 07 10:59 PDT
Output:
----------------------------------------------------------
<end of output>
Test time =   0.82 sec
----------------------------------------------------------
Test Passed.
"Autocoders_Python_test_comp_diff_namespace_ut_exe" end time: Jun 07 10:59 PDT
"Autocoders_Python_test_comp_diff_namespace_ut_exe" time elapsed: 00:00:00
----------------------------------------------------------

10/88 Testing: Autocoders_Python_test_enum_xml_ut_exe
10/88 Test: Autocoders_Python_test_enum_xml_ut_exe
Command: "/Users/rohand/jpl/fprime/test-env/fprime-fork/fprime/all_test/bin/Darwin/Autocoders_Python_test_enum_xml_ut_exe"
Directory: /Users/rohand/jpl/fprime/test-env/fprime-fork/fprime/all_test/F-Prime/Autocoders/Python/test/enum_xml
"Autocoders_Python_test_enum_xml_ut_exe" start time: Jun 07 10:59 PDT
Output:
----------------------------------------------------------
[==========] Running 3 tests from 1 test suite.
[----------] Global test environment set-up.
[----------] 3 tests from EnumXML
[ RUN      ] EnumXML.InvalidNegativeConstant
Assert File: /Users/rohand/jpl/fprime/test-env/fprime-fork/fprime/all_test/F-Prime/Autocoders/Python/test/enum_xml/Enum1EnumAc.cpp, Line: 65
[       OK ] EnumXML.InvalidNegativeConstant (0 ms)
[ RUN      ] EnumXML.InvalidConstant
Assert File: /Users/rohand/jpl/fprime/test-env/fprime-fork/fprime/all_test/F-Prime/Autocoders/Python/test/enum_xml/Enum1EnumAc.cpp, Line: 58
[       OK ] EnumXML.InvalidConstant (0 ms)
[ RUN      ] EnumXML.OK
Created first enum: Enum1::Item5 (-8324876)
Created second enum: Enum1::Item1 (-1952875139)
Created third enum: Enum1::Item2 (2)
Serialized enum1
Serialized enum2
Serialized enums
Deserialized enum1
Deserialized enum2
Successful enum1 check
Successful enum2 check
Deserialized enums
Created serializable with enum arg
Created serializable
Invoking inst1...
inst1 Invoked ExEnumIn_handler(0, -8324876, 0, 0, -1952875139);
inst1 Invoked ExEnumIn_handler(0, -1952875139, 0, 0, -1952875139);
Invoking inst2...
inst2 Invoked EnumIn_handler(0, -8324876, 0, 0, -1952875139);
inst2 Invoked EnumIn_handler(0, -1952875139, 0, 0, -1952875139);
Invoked ports
[       OK ] EnumXML.OK (0 ms)
[----------] 3 tests from EnumXML (0 ms total)

[----------] Global test environment tear-down
[==========] 3 tests from 1 test suite ran. (0 ms total)
[  PASSED  ] 3 tests.
Deleting components...
Completed...
<end of output>
Test time =   0.34 sec
----------------------------------------------------------
Test Passed.
"Autocoders_Python_test_enum_xml_ut_exe" end time: Jun 07 10:59 PDT
"Autocoders_Python_test_enum_xml_ut_exe" time elapsed: 00:00:00
----------------------------------------------------------

11/88 Testing: Autocoders_Python_test_event_enum_ut_exe
11/88 Test: Autocoders_Python_test_event_enum_ut_exe
Command: "/Users/rohand/jpl/fprime/test-env/fprime-fork/fprime/all_test/bin/Darwin/Autocoders_Python_test_event_enum_ut_exe"
Directory: /Users/rohand/jpl/fprime/test-env/fprime-fork/fprime/all_test/F-Prime/Autocoders/Python/test/event_enum
"Autocoders_Python_test_event_enum_ut_exe" start time: Jun 07 10:59 PDT
Output:
----------------------------------------------------------
<end of output>
Test time =   0.31 sec
----------------------------------------------------------
Test Passed.
"Autocoders_Python_test_event_enum_ut_exe" end time: Jun 07 10:59 PDT
"Autocoders_Python_test_event_enum_ut_exe" time elapsed: 00:00:00
----------------------------------------------------------

12/88 Testing: Autocoders_Python_test_event_multi_inst_ut_exe
12/88 Test: Autocoders_Python_test_event_multi_inst_ut_exe
Command: "/Users/rohand/jpl/fprime/test-env/fprime-fork/fprime/all_test/bin/Darwin/Autocoders_Python_test_event_multi_inst_ut_exe"
Directory: /Users/rohand/jpl/fprime/test-env/fprime-fork/fprime/all_test/F-Prime/Autocoders/Python/test/event_multi_inst
"Autocoders_Python_test_event_multi_inst_ut_exe" start time: Jun 07 10:59 PDT
Output:
----------------------------------------------------------
<end of output>
Test time =   0.31 sec
----------------------------------------------------------
Test Passed.
"Autocoders_Python_test_event_multi_inst_ut_exe" end time: Jun 07 10:59 PDT
"Autocoders_Python_test_event_multi_inst_ut_exe" time elapsed: 00:00:00
----------------------------------------------------------

13/88 Testing: Autocoders_Python_test_event_string_ut_exe
13/88 Test: Autocoders_Python_test_event_string_ut_exe
Command: "/Users/rohand/jpl/fprime/test-env/fprime-fork/fprime/all_test/bin/Darwin/Autocoders_Python_test_event_string_ut_exe"
Directory: /Users/rohand/jpl/fprime/test-env/fprime-fork/fprime/all_test/F-Prime/Autocoders/Python/test/event_string
"Autocoders_Python_test_event_string_ut_exe" start time: Jun 07 10:59 PDT
Output:
----------------------------------------------------------
<end of output>
Test time =   0.31 sec
----------------------------------------------------------
Test Passed.
"Autocoders_Python_test_event_string_ut_exe" end time: Jun 07 10:59 PDT
"Autocoders_Python_test_event_string_ut_exe" time elapsed: 00:00:00
----------------------------------------------------------

14/88 Testing: Autocoders_Python_test_event_throttle_ut_exe
14/88 Test: Autocoders_Python_test_event_throttle_ut_exe
Command: "/Users/rohand/jpl/fprime/test-env/fprime-fork/fprime/all_test/bin/Darwin/Autocoders_Python_test_event_throttle_ut_exe"
Directory: /Users/rohand/jpl/fprime/test-env/fprime-fork/fprime/all_test/F-Prime/Autocoders/Python/test/event_throttle
"Autocoders_Python_test_event_throttle_ut_exe" start time: Jun 07 10:59 PDT
Output:
----------------------------------------------------------
[==========] Running 1 test from 1 test suite.
[----------] Global test environment set-up.
[----------] 1 test from EventThrottleTest
[ RUN      ] EventThrottleTest.ThrottleTest
Sending event args 1, 2.000000, 3
EVENT: (100) (0:0,0) DIAGNOSTIC: (TestLog) SomeEvent : My Event 1 2.000000 
Sending event args 1, 2.000000, 3
EVENT: (100) (0:0,0) DIAGNOSTIC: (TestLog) SomeEvent : My Event 1 2.000000 
Sending event args 1, 2.000000, 3
EVENT: (100) (0:0,0) DIAGNOSTIC: (TestLog) SomeEvent : My Event 1 2.000000 
Sending event args 1, 2.000000, 3
EVENT: (100) (0:0,0) DIAGNOSTIC: (TestLog) SomeEvent : My Event 1 2.000000 
Sending event args 1, 2.000000, 3
EVENT: (100) (0:0,0) DIAGNOSTIC: (TestLog) SomeEvent : My Event 1 2.000000 
Sending event args 1, 2.000000, 3
Sending event args 1, 2.000000, 3
EVENT: (100) (0:0,0) DIAGNOSTIC: (TestLog) SomeEvent : My Event 1 2.000000 
Sending event args 1, 2.000000, 3
EVENT: (100) (0:0,0) DIAGNOSTIC: (TestLog) SomeEvent : My Event 1 2.000000 
Sending event args 1, 2.000000, 3
EVENT: (100) (0:0,0) DIAGNOSTIC: (TestLog) SomeEvent : My Event 1 2.000000 
Sending event args 1, 2.000000, 3
EVENT: (100) (0:0,0) DIAGNOSTIC: (TestLog) SomeEvent : My Event 1 2.000000 
Sending event args 1, 2.000000, 3
EVENT: (100) (0:0,0) DIAGNOSTIC: (TestLog) SomeEvent : My Event 1 2.000000 
Sending event args 1, 2.000000, 3
[       OK ] EventThrottleTest.ThrottleTest (0 ms)
[----------] 1 test from EventThrottleTest (0 ms total)

[----------] Global test environment tear-down
[==========] 1 test from 1 test suite ran. (0 ms total)
[  PASSED  ] 1 test.
<end of output>
Test time =   0.35 sec
----------------------------------------------------------
Test Passed.
"Autocoders_Python_test_event_throttle_ut_exe" end time: Jun 07 10:59 PDT
"Autocoders_Python_test_event_throttle_ut_exe" time elapsed: 00:00:00
----------------------------------------------------------

15/88 Testing: Autocoders_Python_test_event1_ut_exe
15/88 Test: Autocoders_Python_test_event1_ut_exe
Command: "/Users/rohand/jpl/fprime/test-env/fprime-fork/fprime/all_test/bin/Darwin/Autocoders_Python_test_event1_ut_exe"
Directory: /Users/rohand/jpl/fprime/test-env/fprime-fork/fprime/all_test/F-Prime/Autocoders/Python/test/event1
"Autocoders_Python_test_event1_ut_exe" start time: Jun 07 10:59 PDT
Output:
----------------------------------------------------------
<end of output>
Test time =   0.31 sec
----------------------------------------------------------
Test Passed.
"Autocoders_Python_test_event1_ut_exe" end time: Jun 07 10:59 PDT
"Autocoders_Python_test_event1_ut_exe" time elapsed: 00:00:00
----------------------------------------------------------

16/88 Testing: Autocoders_Python_test_event2_ut_exe
16/88 Test: Autocoders_Python_test_event2_ut_exe
Command: "/Users/rohand/jpl/fprime/test-env/fprime-fork/fprime/all_test/bin/Darwin/Autocoders_Python_test_event2_ut_exe"
Directory: /Users/rohand/jpl/fprime/test-env/fprime-fork/fprime/all_test/F-Prime/Autocoders/Python/test/event2
"Autocoders_Python_test_event2_ut_exe" start time: Jun 07 10:59 PDT
Output:
----------------------------------------------------------
<end of output>
Test time =   0.31 sec
----------------------------------------------------------
Test Passed.
"Autocoders_Python_test_event2_ut_exe" end time: Jun 07 10:59 PDT
"Autocoders_Python_test_event2_ut_exe" time elapsed: 00:00:00
----------------------------------------------------------

17/88 Testing: Autocoders_Python_test_ext_dict_ut_exe
17/88 Test: Autocoders_Python_test_ext_dict_ut_exe
Command: "/Users/rohand/jpl/fprime/test-env/fprime-fork/fprime/all_test/bin/Darwin/Autocoders_Python_test_ext_dict_ut_exe"
Directory: /Users/rohand/jpl/fprime/test-env/fprime-fork/fprime/all_test/F-Prime/Autocoders/Python/test/ext_dict
"Autocoders_Python_test_ext_dict_ut_exe" start time: Jun 07 10:59 PDT
Output:
----------------------------------------------------------
<end of output>
Test time =   0.32 sec
----------------------------------------------------------
Test Passed.
"Autocoders_Python_test_ext_dict_ut_exe" end time: Jun 07 10:59 PDT
"Autocoders_Python_test_ext_dict_ut_exe" time elapsed: 00:00:00
----------------------------------------------------------

18/88 Testing: Autocoders_Python_test_interface1_ut_exe
18/88 Test: Autocoders_Python_test_interface1_ut_exe
Command: "/Users/rohand/jpl/fprime/test-env/fprime-fork/fprime/all_test/bin/Darwin/Autocoders_Python_test_interface1_ut_exe"
Directory: /Users/rohand/jpl/fprime/test-env/fprime-fork/fprime/all_test/F-Prime/Autocoders/Python/test/interface1
"Autocoders_Python_test_interface1_ut_exe" start time: Jun 07 10:59 PDT
Output:
----------------------------------------------------------
<end of output>
Test time =   0.22 sec
----------------------------------------------------------
Test Passed.
"Autocoders_Python_test_interface1_ut_exe" end time: Jun 07 10:59 PDT
"Autocoders_Python_test_interface1_ut_exe" time elapsed: 00:00:00
----------------------------------------------------------

19/88 Testing: Autocoders_Python_test_log_tester_ut_exe
19/88 Test: Autocoders_Python_test_log_tester_ut_exe
Command: "/Users/rohand/jpl/fprime/test-env/fprime-fork/fprime/all_test/bin/Darwin/Autocoders_Python_test_log_tester_ut_exe"
Directory: /Users/rohand/jpl/fprime/test-env/fprime-fork/fprime/all_test/F-Prime/Autocoders/Python/test/log_tester
"Autocoders_Python_test_log_tester_ut_exe" start time: Jun 07 10:59 PDT
Output:
----------------------------------------------------------
<end of output>
Test time =   0.30 sec
----------------------------------------------------------
Test Passed.
"Autocoders_Python_test_log_tester_ut_exe" end time: Jun 07 10:59 PDT
"Autocoders_Python_test_log_tester_ut_exe" time elapsed: 00:00:00
----------------------------------------------------------

20/88 Testing: Autocoders_Python_test_log1_ut_exe
20/88 Test: Autocoders_Python_test_log1_ut_exe
Command: "/Users/rohand/jpl/fprime/test-env/fprime-fork/fprime/all_test/bin/Darwin/Autocoders_Python_test_log1_ut_exe"
Directory: /Users/rohand/jpl/fprime/test-env/fprime-fork/fprime/all_test/F-Prime/Autocoders/Python/test/log1
"Autocoders_Python_test_log1_ut_exe" start time: Jun 07 10:59 PDT
Output:
----------------------------------------------------------
<end of output>
Test time =   0.30 sec
----------------------------------------------------------
Test Passed.
"Autocoders_Python_test_log1_ut_exe" end time: Jun 07 10:59 PDT
"Autocoders_Python_test_log1_ut_exe" time elapsed: 00:00:00
----------------------------------------------------------

21/88 Testing: Autocoders_Python_test_noargport_ut_exe
21/88 Test: Autocoders_Python_test_noargport_ut_exe
Command: "/Users/rohand/jpl/fprime/test-env/fprime-fork/fprime/all_test/bin/Darwin/Autocoders_Python_test_noargport_ut_exe"
Directory: /Users/rohand/jpl/fprime/test-env/fprime-fork/fprime/all_test/F-Prime/Autocoders/Python/test/noargport
"Autocoders_Python_test_noargport_ut_exe" start time: Jun 07 10:59 PDT
Output:
----------------------------------------------------------
[==========] Running 1 test from 1 test suite.
[----------] Global test environment set-up.
[----------] 1 test from Nominal
[ RUN      ] Nominal.TestNoArgs
[       OK ] Nominal.TestNoArgs (0 ms)
[----------] 1 test from Nominal (0 ms total)

[----------] Global test environment tear-down
[==========] 1 test from 1 test suite ran. (0 ms total)
[  PASSED  ] 1 test.
<end of output>
Test time =   0.31 sec
----------------------------------------------------------
Test Passed.
"Autocoders_Python_test_noargport_ut_exe" end time: Jun 07 10:59 PDT
"Autocoders_Python_test_noargport_ut_exe" time elapsed: 00:00:00
----------------------------------------------------------

22/88 Testing: Autocoders_Python_test_param_enum_ut_exe
22/88 Test: Autocoders_Python_test_param_enum_ut_exe
Command: "/Users/rohand/jpl/fprime/test-env/fprime-fork/fprime/all_test/bin/Darwin/Autocoders_Python_test_param_enum_ut_exe"
Directory: /Users/rohand/jpl/fprime/test-env/fprime-fork/fprime/all_test/F-Prime/Autocoders/Python/test/param_enum
"Autocoders_Python_test_param_enum_ut_exe" start time: Jun 07 10:59 PDT
Output:
----------------------------------------------------------
<end of output>
Test time =   0.23 sec
----------------------------------------------------------
Test Passed.
"Autocoders_Python_test_param_enum_ut_exe" end time: Jun 07 10:59 PDT
"Autocoders_Python_test_param_enum_ut_exe" time elapsed: 00:00:00
----------------------------------------------------------

23/88 Testing: Autocoders_Python_test_param_multi_inst_ut_exe
23/88 Test: Autocoders_Python_test_param_multi_inst_ut_exe
Command: "/Users/rohand/jpl/fprime/test-env/fprime-fork/fprime/all_test/bin/Darwin/Autocoders_Python_test_param_multi_inst_ut_exe"
Directory: /Users/rohand/jpl/fprime/test-env/fprime-fork/fprime/all_test/F-Prime/Autocoders/Python/test/param_multi_inst
"Autocoders_Python_test_param_multi_inst_ut_exe" start time: Jun 07 10:59 PDT
Output:
----------------------------------------------------------
<end of output>
Test time =   0.23 sec
----------------------------------------------------------
Test Passed.
"Autocoders_Python_test_param_multi_inst_ut_exe" end time: Jun 07 10:59 PDT
"Autocoders_Python_test_param_multi_inst_ut_exe" time elapsed: 00:00:00
----------------------------------------------------------

24/88 Testing: Autocoders_Python_test_param_string_ut_exe
24/88 Test: Autocoders_Python_test_param_string_ut_exe
Command: "/Users/rohand/jpl/fprime/test-env/fprime-fork/fprime/all_test/bin/Darwin/Autocoders_Python_test_param_string_ut_exe"
Directory: /Users/rohand/jpl/fprime/test-env/fprime-fork/fprime/all_test/F-Prime/Autocoders/Python/test/param_string
"Autocoders_Python_test_param_string_ut_exe" start time: Jun 07 10:59 PDT
Output:
----------------------------------------------------------
<end of output>
Test time =   0.23 sec
----------------------------------------------------------
Test Passed.
"Autocoders_Python_test_param_string_ut_exe" end time: Jun 07 10:59 PDT
"Autocoders_Python_test_param_string_ut_exe" time elapsed: 00:00:00
----------------------------------------------------------

25/88 Testing: Autocoders_Python_test_param_tester_ut_exe
25/88 Test: Autocoders_Python_test_param_tester_ut_exe
Command: "/Users/rohand/jpl/fprime/test-env/fprime-fork/fprime/all_test/bin/Darwin/Autocoders_Python_test_param_tester_ut_exe"
Directory: /Users/rohand/jpl/fprime/test-env/fprime-fork/fprime/all_test/F-Prime/Autocoders/Python/test/param_tester
"Autocoders_Python_test_param_tester_ut_exe" start time: Jun 07 10:59 PDT
Output:
----------------------------------------------------------
<end of output>
Test time =   0.22 sec
----------------------------------------------------------
Test Passed.
"Autocoders_Python_test_param_tester_ut_exe" end time: Jun 07 10:59 PDT
"Autocoders_Python_test_param_tester_ut_exe" time elapsed: 00:00:00
----------------------------------------------------------

26/88 Testing: Autocoders_Python_test_param2_ut_exe
26/88 Test: Autocoders_Python_test_param2_ut_exe
Command: "/Users/rohand/jpl/fprime/test-env/fprime-fork/fprime/all_test/bin/Darwin/Autocoders_Python_test_param2_ut_exe"
Directory: /Users/rohand/jpl/fprime/test-env/fprime-fork/fprime/all_test/F-Prime/Autocoders/Python/test/param2
"Autocoders_Python_test_param2_ut_exe" start time: Jun 07 10:59 PDT
Output:
----------------------------------------------------------
<end of output>
Test time =   0.23 sec
----------------------------------------------------------
Test Passed.
"Autocoders_Python_test_param2_ut_exe" end time: Jun 07 10:59 PDT
"Autocoders_Python_test_param2_ut_exe" time elapsed: 00:00:00
----------------------------------------------------------

27/88 Testing: Autocoders_Python_test_pass_by_attrib_ut_exe
27/88 Test: Autocoders_Python_test_pass_by_attrib_ut_exe
Command: "/Users/rohand/jpl/fprime/test-env/fprime-fork/fprime/all_test/bin/Darwin/Autocoders_Python_test_pass_by_attrib_ut_exe"
Directory: /Users/rohand/jpl/fprime/test-env/fprime-fork/fprime/all_test/F-Prime/Autocoders/Python/test/pass_by_attrib
"Autocoders_Python_test_pass_by_attrib_ut_exe" start time: Jun 07 10:59 PDT
Output:
----------------------------------------------------------
<end of output>
Test time =   0.23 sec
----------------------------------------------------------
Test Passed.
"Autocoders_Python_test_pass_by_attrib_ut_exe" end time: Jun 07 10:59 PDT
"Autocoders_Python_test_pass_by_attrib_ut_exe" time elapsed: 00:00:00
----------------------------------------------------------

28/88 Testing: Autocoders_Python_test_port_loopback_ut_exe
28/88 Test: Autocoders_Python_test_port_loopback_ut_exe
Command: "/Users/rohand/jpl/fprime/test-env/fprime-fork/fprime/all_test/bin/Darwin/Autocoders_Python_test_port_loopback_ut_exe"
Directory: /Users/rohand/jpl/fprime/test-env/fprime-fork/fprime/all_test/F-Prime/Autocoders/Python/test/port_loopback
"Autocoders_Python_test_port_loopback_ut_exe" start time: Jun 07 10:59 PDT
Output:
----------------------------------------------------------
<end of output>
Test time =   0.30 sec
----------------------------------------------------------
Test Passed.
"Autocoders_Python_test_port_loopback_ut_exe" end time: Jun 07 10:59 PDT
"Autocoders_Python_test_port_loopback_ut_exe" time elapsed: 00:00:00
----------------------------------------------------------

29/88 Testing: Autocoders_Python_test_port_nogen_ut_exe
29/88 Test: Autocoders_Python_test_port_nogen_ut_exe
Command: "/Users/rohand/jpl/fprime/test-env/fprime-fork/fprime/all_test/bin/Darwin/Autocoders_Python_test_port_nogen_ut_exe"
Directory: /Users/rohand/jpl/fprime/test-env/fprime-fork/fprime/all_test/F-Prime/Autocoders/Python/test/port_nogen
"Autocoders_Python_test_port_nogen_ut_exe" start time: Jun 07 10:59 PDT
Output:
----------------------------------------------------------
<end of output>
Test time =   0.31 sec
----------------------------------------------------------
Test Passed.
"Autocoders_Python_test_port_nogen_ut_exe" end time: Jun 07 11:00 PDT
"Autocoders_Python_test_port_nogen_ut_exe" time elapsed: 00:00:00
----------------------------------------------------------

30/88 Testing: Autocoders_Python_test_serial_passive_ut_exe
30/88 Test: Autocoders_Python_test_serial_passive_ut_exe
Command: "/Users/rohand/jpl/fprime/test-env/fprime-fork/fprime/all_test/bin/Darwin/Autocoders_Python_test_serial_passive_ut_exe"
Directory: /Users/rohand/jpl/fprime/test-env/fprime-fork/fprime/all_test/F-Prime/Autocoders/Python/test/serial_passive
"Autocoders_Python_test_serial_passive_ut_exe" start time: Jun 07 11:00 PDT
Output:
----------------------------------------------------------
10 7 foo
10 7 foo
10 7 foo
<end of output>
Test time =   0.74 sec
----------------------------------------------------------
Test Passed.
"Autocoders_Python_test_serial_passive_ut_exe" end time: Jun 07 11:00 PDT
"Autocoders_Python_test_serial_passive_ut_exe" time elapsed: 00:00:00
----------------------------------------------------------

31/88 Testing: Autocoders_Python_test_serialize_stringbuffer_ut_exe
31/88 Test: Autocoders_Python_test_serialize_stringbuffer_ut_exe
Command: "/Users/rohand/jpl/fprime/test-env/fprime-fork/fprime/all_test/bin/Darwin/Autocoders_Python_test_serialize_stringbuffer_ut_exe"
Directory: /Users/rohand/jpl/fprime/test-env/fprime-fork/fprime/all_test/F-Prime/Autocoders/Python/test/serialize_stringbuffer
"Autocoders_Python_test_serialize_stringbuffer_ut_exe" start time: Jun 07 11:00 PDT
Output:
----------------------------------------------------------
<end of output>
Test time =   0.23 sec
----------------------------------------------------------
Test Passed.
"Autocoders_Python_test_serialize_stringbuffer_ut_exe" end time: Jun 07 11:00 PDT
"Autocoders_Python_test_serialize_stringbuffer_ut_exe" time elapsed: 00:00:00
----------------------------------------------------------

32/88 Testing: Autocoders_Python_test_time_get_ut_exe
32/88 Test: Autocoders_Python_test_time_get_ut_exe
Command: "/Users/rohand/jpl/fprime/test-env/fprime-fork/fprime/all_test/bin/Darwin/Autocoders_Python_test_time_get_ut_exe"
Directory: /Users/rohand/jpl/fprime/test-env/fprime-fork/fprime/all_test/F-Prime/Autocoders/Python/test/time_get
"Autocoders_Python_test_time_get_ut_exe" start time: Jun 07 11:00 PDT
Output:
----------------------------------------------------------
<end of output>
Test time =   0.22 sec
----------------------------------------------------------
Test Passed.
"Autocoders_Python_test_time_get_ut_exe" end time: Jun 07 11:00 PDT
"Autocoders_Python_test_time_get_ut_exe" time elapsed: 00:00:00
----------------------------------------------------------

33/88 Testing: Autocoders_Python_test_crisscross_ut_exe
33/88 Test: Autocoders_Python_test_crisscross_ut_exe
Command: "/Users/rohand/jpl/fprime/test-env/fprime-fork/fprime/all_test/bin/Darwin/Autocoders_Python_test_crisscross_ut_exe"
Directory: /Users/rohand/jpl/fprime/test-env/fprime-fork/fprime/all_test/F-Prime/Autocoders/Python/test/crisscross
"Autocoders_Python_test_crisscross_ut_exe" start time: Jun 07 11:00 PDT
Output:
----------------------------------------------------------
<end of output>
Test time =   0.31 sec
----------------------------------------------------------
Test Passed.
"Autocoders_Python_test_crisscross_ut_exe" end time: Jun 07 11:00 PDT
"Autocoders_Python_test_crisscross_ut_exe" time elapsed: 00:00:00
----------------------------------------------------------

34/88 Testing: Autocoders_Python_test_serialize_user_ut_exe
34/88 Test: Autocoders_Python_test_serialize_user_ut_exe
Command: "/Users/rohand/jpl/fprime/test-env/fprime-fork/fprime/all_test/bin/Darwin/Autocoders_Python_test_serialize_user_ut_exe"
Directory: /Users/rohand/jpl/fprime/test-env/fprime-fork/fprime/all_test/F-Prime/Autocoders/Python/test/serialize_user
"Autocoders_Python_test_serialize_user_ut_exe" start time: Jun 07 11:00 PDT
Output:
----------------------------------------------------------
<end of output>
Test time =   0.31 sec
----------------------------------------------------------
Test Passed.
"Autocoders_Python_test_serialize_user_ut_exe" end time: Jun 07 11:00 PDT
"Autocoders_Python_test_serialize_user_ut_exe" time elapsed: 00:00:00
----------------------------------------------------------

35/88 Testing: Autocoders_Python_test_serialize3_ut_exe
35/88 Test: Autocoders_Python_test_serialize3_ut_exe
Command: "/Users/rohand/jpl/fprime/test-env/fprime-fork/fprime/all_test/bin/Darwin/Autocoders_Python_test_serialize3_ut_exe"
Directory: /Users/rohand/jpl/fprime/test-env/fprime-fork/fprime/all_test/F-Prime/Autocoders/Python/test/serialize3
"Autocoders_Python_test_serialize3_ut_exe" start time: Jun 07 11:00 PDT
Output:
----------------------------------------------------------
<end of output>
Test time =   0.23 sec
----------------------------------------------------------
Test Passed.
"Autocoders_Python_test_serialize3_ut_exe" end time: Jun 07 11:00 PDT
"Autocoders_Python_test_serialize3_ut_exe" time elapsed: 00:00:00
----------------------------------------------------------

36/88 Testing: Autocoders_Python_test_stress_ut_exe
36/88 Test: Autocoders_Python_test_stress_ut_exe
Command: "/Users/rohand/jpl/fprime/test-env/fprime-fork/fprime/all_test/bin/Darwin/Autocoders_Python_test_stress_ut_exe"
Directory: /Users/rohand/jpl/fprime/test-env/fprime-fork/fprime/all_test/F-Prime/Autocoders/Python/test/stress
"Autocoders_Python_test_stress_ut_exe" start time: Jun 07 11:00 PDT
Output:
----------------------------------------------------------
<end of output>
Test time =   0.30 sec
----------------------------------------------------------
Test Passed.
"Autocoders_Python_test_stress_ut_exe" end time: Jun 07 11:00 PDT
"Autocoders_Python_test_stress_ut_exe" time elapsed: 00:00:00
----------------------------------------------------------

37/88 Testing: Autocoders_Python_test_string_port_ut_exe
37/88 Test: Autocoders_Python_test_string_port_ut_exe
Command: "/Users/rohand/jpl/fprime/test-env/fprime-fork/fprime/all_test/bin/Darwin/Autocoders_Python_test_string_port_ut_exe"
Directory: /Users/rohand/jpl/fprime/test-env/fprime-fork/fprime/all_test/F-Prime/Autocoders/Python/test/string_port
"Autocoders_Python_test_string_port_ut_exe" start time: Jun 07 11:00 PDT
Output:
----------------------------------------------------------
<end of output>
Test time =   0.31 sec
----------------------------------------------------------
Test Passed.
"Autocoders_Python_test_string_port_ut_exe" end time: Jun 07 11:00 PDT
"Autocoders_Python_test_string_port_ut_exe" time elapsed: 00:00:00
----------------------------------------------------------

38/88 Testing: Autocoders_Python_test_telem_tester_ut_exe
38/88 Test: Autocoders_Python_test_telem_tester_ut_exe
Command: "/Users/rohand/jpl/fprime/test-env/fprime-fork/fprime/all_test/bin/Darwin/Autocoders_Python_test_telem_tester_ut_exe"
Directory: /Users/rohand/jpl/fprime/test-env/fprime-fork/fprime/all_test/F-Prime/Autocoders/Python/test/telem_tester
"Autocoders_Python_test_telem_tester_ut_exe" start time: Jun 07 11:00 PDT
Output:
----------------------------------------------------------
<end of output>
Test time =   0.25 sec
----------------------------------------------------------
Test Passed.
"Autocoders_Python_test_telem_tester_ut_exe" end time: Jun 07 11:00 PDT
"Autocoders_Python_test_telem_tester_ut_exe" time elapsed: 00:00:00
----------------------------------------------------------

39/88 Testing: Autocoders_Python_test_testgen_ut_exe
39/88 Test: Autocoders_Python_test_testgen_ut_exe
Command: "/Users/rohand/jpl/fprime/test-env/fprime-fork/fprime/all_test/bin/Darwin/Autocoders_Python_test_testgen_ut_exe"
Directory: /Users/rohand/jpl/fprime/test-env/fprime-fork/fprime/all_test/F-Prime/Autocoders/Python/test/testgen
"Autocoders_Python_test_testgen_ut_exe" start time: Jun 07 11:00 PDT
Output:
----------------------------------------------------------
[==========] Running 4 tests from 1 test suite.
[----------] Global test environment set-up.
[----------] 4 tests from Nominal
[ RUN      ] Nominal.TestAddCommand
[       OK ] Nominal.TestAddCommand (0 ms)
[ RUN      ] Nominal.TestSubCommand
[       OK ] Nominal.TestSubCommand (0 ms)
[ RUN      ] Nominal.TestMultCommand
[       OK ] Nominal.TestMultCommand (0 ms)
[ RUN      ] Nominal.TestDivCommand
[       OK ] Nominal.TestDivCommand (0 ms)
[----------] 4 tests from Nominal (0 ms total)

[----------] Global test environment tear-down
[==========] 4 tests from 1 test suite ran. (0 ms total)
[  PASSED  ] 4 tests.
<end of output>
Test time =   0.33 sec
----------------------------------------------------------
Test Passed.
"Autocoders_Python_test_testgen_ut_exe" end time: Jun 07 11:00 PDT
"Autocoders_Python_test_testgen_ut_exe" time elapsed: 00:00:00
----------------------------------------------------------

40/88 Testing: Autocoders_Python_test_time_tester_ut_exe
40/88 Test: Autocoders_Python_test_time_tester_ut_exe
Command: "/Users/rohand/jpl/fprime/test-env/fprime-fork/fprime/all_test/bin/Darwin/Autocoders_Python_test_time_tester_ut_exe"
Directory: /Users/rohand/jpl/fprime/test-env/fprime-fork/fprime/all_test/F-Prime/Autocoders/Python/test/time_tester
"Autocoders_Python_test_time_tester_ut_exe" start time: Jun 07 11:00 PDT
Output:
----------------------------------------------------------
<end of output>
Test time =   0.22 sec
----------------------------------------------------------
Test Passed.
"Autocoders_Python_test_time_tester_ut_exe" end time: Jun 07 11:00 PDT
"Autocoders_Python_test_time_tester_ut_exe" time elapsed: 00:00:00
----------------------------------------------------------

41/88 Testing: Autocoders_Python_test_tlm_enum_ut_exe
41/88 Test: Autocoders_Python_test_tlm_enum_ut_exe
Command: "/Users/rohand/jpl/fprime/test-env/fprime-fork/fprime/all_test/bin/Darwin/Autocoders_Python_test_tlm_enum_ut_exe"
Directory: /Users/rohand/jpl/fprime/test-env/fprime-fork/fprime/all_test/F-Prime/Autocoders/Python/test/tlm_enum
"Autocoders_Python_test_tlm_enum_ut_exe" start time: Jun 07 11:00 PDT
Output:
----------------------------------------------------------
<end of output>
Test time =   0.31 sec
----------------------------------------------------------
Test Passed.
"Autocoders_Python_test_tlm_enum_ut_exe" end time: Jun 07 11:00 PDT
"Autocoders_Python_test_tlm_enum_ut_exe" time elapsed: 00:00:00
----------------------------------------------------------

42/88 Testing: Autocoders_Python_test_tlm_multi_inst_ut_exe
42/88 Test: Autocoders_Python_test_tlm_multi_inst_ut_exe
Command: "/Users/rohand/jpl/fprime/test-env/fprime-fork/fprime/all_test/bin/Darwin/Autocoders_Python_test_tlm_multi_inst_ut_exe"
Directory: /Users/rohand/jpl/fprime/test-env/fprime-fork/fprime/all_test/F-Prime/Autocoders/Python/test/tlm_multi_inst
"Autocoders_Python_test_tlm_multi_inst_ut_exe" start time: Jun 07 11:00 PDT
Output:
----------------------------------------------------------
<end of output>
Test time =   0.30 sec
----------------------------------------------------------
Test Passed.
"Autocoders_Python_test_tlm_multi_inst_ut_exe" end time: Jun 07 11:00 PDT
"Autocoders_Python_test_tlm_multi_inst_ut_exe" time elapsed: 00:00:00
----------------------------------------------------------

43/88 Testing: Autocoders_Python_test_tlm_onchange_ut_exe
43/88 Test: Autocoders_Python_test_tlm_onchange_ut_exe
Command: "/Users/rohand/jpl/fprime/test-env/fprime-fork/fprime/all_test/bin/Darwin/Autocoders_Python_test_tlm_onchange_ut_exe"
Directory: /Users/rohand/jpl/fprime/test-env/fprime-fork/fprime/all_test/F-Prime/Autocoders/Python/test/tlm_onchange
"Autocoders_Python_test_tlm_onchange_ut_exe" start time: Jun 07 11:00 PDT
Output:
----------------------------------------------------------
<end of output>
Test time =   0.30 sec
----------------------------------------------------------
Test Passed.
"Autocoders_Python_test_tlm_onchange_ut_exe" end time: Jun 07 11:00 PDT
"Autocoders_Python_test_tlm_onchange_ut_exe" time elapsed: 00:00:00
----------------------------------------------------------

44/88 Testing: Autocoders_Python_test_tlm_string_ut_exe
44/88 Test: Autocoders_Python_test_tlm_string_ut_exe
Command: "/Users/rohand/jpl/fprime/test-env/fprime-fork/fprime/all_test/bin/Darwin/Autocoders_Python_test_tlm_string_ut_exe"
Directory: /Users/rohand/jpl/fprime/test-env/fprime-fork/fprime/all_test/F-Prime/Autocoders/Python/test/tlm_string
"Autocoders_Python_test_tlm_string_ut_exe" start time: Jun 07 11:00 PDT
Output:
----------------------------------------------------------
<end of output>
Test time =   0.31 sec
----------------------------------------------------------
Test Passed.
"Autocoders_Python_test_tlm_string_ut_exe" end time: Jun 07 11:00 PDT
"Autocoders_Python_test_tlm_string_ut_exe" time elapsed: 00:00:00
----------------------------------------------------------

45/88 Testing: Autocoders_Python_test_tlm1_ut_exe
45/88 Test: Autocoders_Python_test_tlm1_ut_exe
Command: "/Users/rohand/jpl/fprime/test-env/fprime-fork/fprime/all_test/bin/Darwin/Autocoders_Python_test_tlm1_ut_exe"
Directory: /Users/rohand/jpl/fprime/test-env/fprime-fork/fprime/all_test/F-Prime/Autocoders/Python/test/tlm1
"Autocoders_Python_test_tlm1_ut_exe" start time: Jun 07 11:00 PDT
Output:
----------------------------------------------------------
<end of output>
Test time =   0.30 sec
----------------------------------------------------------
Test Passed.
"Autocoders_Python_test_tlm1_ut_exe" end time: Jun 07 11:00 PDT
"Autocoders_Python_test_tlm1_ut_exe" time elapsed: 00:00:00
----------------------------------------------------------

46/88 Testing: Autocoders_Python_test_tlm2_ut_exe
46/88 Test: Autocoders_Python_test_tlm2_ut_exe
Command: "/Users/rohand/jpl/fprime/test-env/fprime-fork/fprime/all_test/bin/Darwin/Autocoders_Python_test_tlm2_ut_exe"
Directory: /Users/rohand/jpl/fprime/test-env/fprime-fork/fprime/all_test/F-Prime/Autocoders/Python/test/tlm2
"Autocoders_Python_test_tlm2_ut_exe" start time: Jun 07 11:00 PDT
Output:
----------------------------------------------------------
<end of output>
Test time =   0.30 sec
----------------------------------------------------------
Test Passed.
"Autocoders_Python_test_tlm2_ut_exe" end time: Jun 07 11:00 PDT
"Autocoders_Python_test_tlm2_ut_exe" time elapsed: 00:00:00
----------------------------------------------------------

47/88 Testing: Fw_Buffer_ut_exe
47/88 Test: Fw_Buffer_ut_exe
Command: "/Users/rohand/jpl/fprime/test-env/fprime-fork/fprime/all_test/bin/Darwin/Fw_Buffer_ut_exe"
Directory: /Users/rohand/jpl/fprime/test-env/fprime-fork/fprime/all_test/F-Prime/Fw/Buffer
"Fw_Buffer_ut_exe" start time: Jun 07 11:00 PDT
Output:
----------------------------------------------------------
[==========] Running 3 tests from 1 test suite.
[----------] Global test environment set-up.
[----------] 3 tests from Nominal
[ RUN      ] Nominal.BasicBuffer
[       OK ] Nominal.BasicBuffer (0 ms)
[ RUN      ] Nominal.Representations
[       OK ] Nominal.Representations (0 ms)
[ RUN      ] Nominal.Serialization
[       OK ] Nominal.Serialization (0 ms)
[----------] 3 tests from Nominal (0 ms total)

[----------] Global test environment tear-down
[==========] 3 tests from 1 test suite ran. (0 ms total)
[  PASSED  ] 3 tests.
<end of output>
Test time =   0.30 sec
----------------------------------------------------------
Test Passed.
"Fw_Buffer_ut_exe" end time: Jun 07 11:00 PDT
"Fw_Buffer_ut_exe" time elapsed: 00:00:00
----------------------------------------------------------

48/88 Testing: Fw_Log_ut_exe
48/88 Test: Fw_Log_ut_exe
Command: "/Users/rohand/jpl/fprime/test-env/fprime-fork/fprime/all_test/bin/Darwin/Fw_Log_ut_exe"
Directory: /Users/rohand/jpl/fprime/test-env/fprime-fork/fprime/all_test/F-Prime/Fw/Log
"Fw_Log_ut_exe" start time: Jun 07 11:00 PDT
Output:
----------------------------------------------------------
[==========] Running 1 test from 1 test suite.
[----------] Global test environment set-up.
[----------] 1 test from FwLogTest
[ RUN      ] FwLogTest.LogPacketSerialize
[       OK ] FwLogTest.LogPacketSerialize (0 ms)
[----------] 1 test from FwLogTest (0 ms total)

[----------] Global test environment tear-down
[==========] 1 test from 1 test suite ran. (0 ms total)
[  PASSED  ] 1 test.
<end of output>
Test time =   0.32 sec
----------------------------------------------------------
Test Passed.
"Fw_Log_ut_exe" end time: Jun 07 11:00 PDT
"Fw_Log_ut_exe" time elapsed: 00:00:00
----------------------------------------------------------

49/88 Testing: Logger_Rules_Testing
49/88 Test: Logger_Rules_Testing
Command: "/Users/rohand/jpl/fprime/test-env/fprime-fork/fprime/all_test/bin/Darwin/Logger_Rules_Testing"
Directory: /Users/rohand/jpl/fprime/test-env/fprime-fork/fprime/all_test/F-Prime/Fw/Logger
"Logger_Rules_Testing" start time: Jun 07 11:00 PDT
Output:
----------------------------------------------------------
[==========] Running 4 tests from 1 test suite.
[----------] Global test environment set-up.
[----------] 4 tests from LoggerTests
[ RUN      ] LoggerTests.RandomLoggerTests
Ran 10000 steps.
[       OK ] LoggerTests.RandomLoggerTests (31 ms)
[ RUN      ] LoggerTests.BassicGoodLogger
[       OK ] LoggerTests.BassicGoodLogger (0 ms)
[ RUN      ] LoggerTests.BassicBadLogger
[       OK ] LoggerTests.BassicBadLogger (0 ms)
[ RUN      ] LoggerTests.BassicRegLogger
[       OK ] LoggerTests.BassicRegLogger (0 ms)
[----------] 4 tests from LoggerTests (31 ms total)

[----------] Global test environment tear-down
[==========] 4 tests from 1 test suite ran. (31 ms total)
[  PASSED  ] 4 tests.
<end of output>
Test time =   0.33 sec
----------------------------------------------------------
Test Passed.
"Logger_Rules_Testing" end time: Jun 07 11:00 PDT
"Logger_Rules_Testing" time elapsed: 00:00:00
----------------------------------------------------------

50/88 Testing: Fw_Time_ut_exe
50/88 Test: Fw_Time_ut_exe
Command: "/Users/rohand/jpl/fprime/test-env/fprime-fork/fprime/all_test/bin/Darwin/Fw_Time_ut_exe"
Directory: /Users/rohand/jpl/fprime/test-env/fprime-fork/fprime/all_test/F-Prime/Fw/Time
"Fw_Time_ut_exe" start time: Jun 07 11:00 PDT
Output:
----------------------------------------------------------
[==========] Running 3 tests from 1 test suite.
[----------] Global test environment set-up.
[----------] 3 tests from TimeTestNominal
[ RUN      ] TimeTestNominal.InstantiateTest
(0,2,1)
[       OK ] TimeTestNominal.InstantiateTest (0 ms)
[ RUN      ] TimeTestNominal.MathTest
[       OK ] TimeTestNominal.MathTest (0 ms)
[ RUN      ] TimeTestNominal.CopyTest
[       OK ] TimeTestNominal.CopyTest (0 ms)
[----------] 3 tests from TimeTestNominal (0 ms total)

[----------] Global test environment tear-down
[==========] 3 tests from 1 test suite ran. (0 ms total)
[  PASSED  ] 3 tests.
<end of output>
Test time =   0.31 sec
----------------------------------------------------------
Test Passed.
"Fw_Time_ut_exe" end time: Jun 07 11:00 PDT
"Fw_Time_ut_exe" time elapsed: 00:00:00
----------------------------------------------------------

51/88 Testing: Fw_Tlm_ut_exe
51/88 Test: Fw_Tlm_ut_exe
Command: "/Users/rohand/jpl/fprime/test-env/fprime-fork/fprime/all_test/bin/Darwin/Fw_Tlm_ut_exe"
Directory: /Users/rohand/jpl/fprime/test-env/fprime-fork/fprime/all_test/F-Prime/Fw/Tlm
"Fw_Tlm_ut_exe" start time: Jun 07 11:00 PDT
Output:
----------------------------------------------------------
[==========] Running 1 test from 1 test suite.
[----------] Global test environment set-up.
[----------] 1 test from FwTlmTest
[ RUN      ] FwTlmTest.TlmPacketSerialize
[       OK ] FwTlmTest.TlmPacketSerialize (0 ms)
[----------] 1 test from FwTlmTest (0 ms total)

[----------] Global test environment tear-down
[==========] 1 test from 1 test suite ran. (0 ms total)
[  PASSED  ] 1 test.
<end of output>
Test time =   0.41 sec
----------------------------------------------------------
Test Passed.
"Fw_Tlm_ut_exe" end time: Jun 07 11:00 PDT
"Fw_Tlm_ut_exe" time elapsed: 00:00:00
----------------------------------------------------------

52/88 Testing: Fw_Types_ut_exe
52/88 Test: Fw_Types_ut_exe
Command: "/Users/rohand/jpl/fprime/test-env/fprime-fork/fprime/all_test/bin/Darwin/Fw_Types_ut_exe"
Directory: /Users/rohand/jpl/fprime/test-env/fprime-fork/fprime/all_test/F-Prime/Fw/Types
"Fw_Types_ut_exe" start time: Jun 07 11:00 PDT
Output:
----------------------------------------------------------
[==========] Running 10 tests from 4 test suites.
[----------] Global test environment set-up.
[----------] 1 test from SerializationTest
[ RUN      ] SerializationTest.Serialization1
Testing Serialization code
i64t1 in stat: 0
Buffer contents: [ab][9c][ab][cd][fc][18][ab][cd][ef][12][ff][f0][bd][c0][01][23][45][67][89][ab][cd][ef][ff][ff][ff][17][2b][5a][f0][00][bf][9d][70][a4][40][59][0e][db][78][26][8b][a6][ff]
i64t1 in stat: 0
[       OK ] SerializationTest.Serialization1 (0 ms)
[----------] 1 test from SerializationTest (0 ms total)

[----------] 4 tests from PerformanceTest
[ RUN      ] PerformanceTest.SerPerfTest
1000000 iterations took 140975 us (0.140975 each).
[       OK ] PerformanceTest.SerPerfTest (141 ms)
[ RUN      ] PerformanceTest.StructCopyTest
1000000 iterations took 17278 us (0.017278 each).
[       OK ] PerformanceTest.StructCopyTest (17 ms)
[ RUN      ] PerformanceTest.ClassCopyTest
1000000 iterations took 11105 us (0.011105 each).
[       OK ] PerformanceTest.ClassCopyTest (11 ms)
[ RUN      ] PerformanceTest.F64SerPerfTest
1000000 iterations took 112384 us (0.112384 us each).
[       OK ] PerformanceTest.F64SerPerfTest (112 ms)
[----------] 4 tests from PerformanceTest (282 ms total)

[----------] 4 tests from TypesTest
[ RUN      ] TypesTest.CheckAssertTest
Assert Tests
[       OK ] TypesTest.CheckAssertTest (0 ms)
[ RUN      ] TypesTest.PolyTest
[       OK ] TypesTest.PolyTest (0 ms)
[ RUN      ] TypesTest.EightyCharTest
Stream: doodie
[       OK ] TypesTest.EightyCharTest (0 ms)
[ RUN      ] TypesTest.StringFormatTest
[       OK ] TypesTest.StringFormatTest (0 ms)
[----------] 4 tests from TypesTest (0 ms total)

[----------] 1 test from AllocatorTest
[ RUN      ] AllocatorTest.MallocAllocatorTest
[       OK ] AllocatorTest.MallocAllocatorTest (0 ms)
[----------] 1 test from AllocatorTest (0 ms total)

[----------] Global test environment tear-down
[==========] 10 tests from 4 test suites ran. (282 ms total)
[  PASSED  ] 10 tests.
<end of output>
Test time =   0.59 sec
----------------------------------------------------------
Test Passed.
"Fw_Types_ut_exe" end time: Jun 07 11:00 PDT
"Fw_Types_ut_exe" time elapsed: 00:00:00
----------------------------------------------------------

53/88 Testing: Fw_Types_StringUtils
53/88 Test: Fw_Types_StringUtils
Command: "/Users/rohand/jpl/fprime/test-env/fprime-fork/fprime/all_test/bin/Darwin/Fw_Types_StringUtils"
Directory: /Users/rohand/jpl/fprime/test-env/fprime-fork/fprime/all_test/F-Prime/Fw/Types
"Fw_Types_StringUtils" start time: Jun 07 11:00 PDT
Output:
----------------------------------------------------------
[==========] Running 2 tests from 2 test suites.
[----------] Global test environment set-up.
[----------] 1 test from Nominal
[ RUN      ] Nominal.string_copy
[       OK ] Nominal.string_copy (0 ms)
[----------] 1 test from Nominal (0 ms total)

[----------] 1 test from OffNominal
[ RUN      ] OffNominal.string_copy
[       OK ] OffNominal.string_copy (0 ms)
[----------] 1 test from OffNominal (0 ms total)

[----------] Global test environment tear-down
[==========] 2 tests from 2 test suites ran. (0 ms total)
[  PASSED  ] 2 tests.
<end of output>
Test time =   0.30 sec
----------------------------------------------------------
Test Passed.
"Fw_Types_StringUtils" end time: Jun 07 11:00 PDT
"Fw_Types_StringUtils" time elapsed: 00:00:00
----------------------------------------------------------

54/88 Testing: Fw_FilePacket_ut_exe
54/88 Test: Fw_FilePacket_ut_exe
Command: "/Users/rohand/jpl/fprime/test-env/fprime-fork/fprime/all_test/bin/Darwin/Fw_FilePacket_ut_exe"
Directory: /Users/rohand/jpl/fprime/test-env/fprime-fork/fprime/all_test/F-Prime/Fw/FilePacket
"Fw_FilePacket_ut_exe" start time: Jun 07 11:00 PDT
Output:
----------------------------------------------------------
[==========] Running 5 tests from 1 test suite.
[----------] Global test environment set-up.
[----------] 5 tests from FilePacket
[ RUN      ] FilePacket.Header
[       OK ] FilePacket.Header (0 ms)
[ RUN      ] FilePacket.StartPacket
[       OK ] FilePacket.StartPacket (0 ms)
[ RUN      ] FilePacket.DataPacket
[       OK ] FilePacket.DataPacket (0 ms)
[ RUN      ] FilePacket.EndPacket
[       OK ] FilePacket.EndPacket (0 ms)
[ RUN      ] FilePacket.CancelPacket
[       OK ] FilePacket.CancelPacket (0 ms)
[----------] 5 tests from FilePacket (0 ms total)

[----------] Global test environment tear-down
[==========] 5 tests from 1 test suite ran. (0 ms total)
[  PASSED  ] 5 tests.
<end of output>
Test time =   0.56 sec
----------------------------------------------------------
Test Passed.
"Fw_FilePacket_ut_exe" end time: Jun 07 11:00 PDT
"Fw_FilePacket_ut_exe" time elapsed: 00:00:00
----------------------------------------------------------

55/88 Testing: Fw_SerializableFile_ut_exe
55/88 Test: Fw_SerializableFile_ut_exe
Command: "/Users/rohand/jpl/fprime/test-env/fprime-fork/fprime/all_test/bin/Darwin/Fw_SerializableFile_ut_exe"
Directory: /Users/rohand/jpl/fprime/test-env/fprime-fork/fprime/all_test/F-Prime/Fw/SerializableFile
"Fw_SerializableFile_ut_exe" start time: Jun 07 11:00 PDT
Output:
----------------------------------------------------------
Testing save... Passed
Testing load... Passed
Testing compare... Passed
Testing bad save... Passed
Testing bad load... Passed
<end of output>
Test time =   0.48 sec
----------------------------------------------------------
Test Passed.
"Fw_SerializableFile_ut_exe" end time: Jun 07 11:00 PDT
"Fw_SerializableFile_ut_exe" time elapsed: 00:00:00
----------------------------------------------------------

56/88 Testing: Svc_ActiveLogger_ut_exe
56/88 Test: Svc_ActiveLogger_ut_exe
Command: "/Users/rohand/jpl/fprime/test-env/fprime-fork/fprime/all_test/bin/Darwin/Svc_ActiveLogger_ut_exe"
Directory: /Users/rohand/jpl/fprime/test-env/fprime-fork/fprime/all_test/F-Prime/Svc/ActiveLogger
"Svc_ActiveLogger_ut_exe" start time: Jun 07 11:00 PDT
Output:
----------------------------------------------------------
[==========] Running 6 tests from 1 test suite.
[----------] Global test environment set-up.
[----------] 6 tests from ActiveLoggerTest
[ RUN      ] ActiveLoggerTest.NominalEventSend

***************************************
TESTCASE 100.1.1: Nominal Event Logging
***************************************

***************************************
(RQ)       AL-001
***************************************
[       OK ] ActiveLoggerTest.NominalEventSend (0 ms)
[ RUN      ] ActiveLoggerTest.FilteredEventSend

***************************************
TESTCASE 100.1.2: Nominal Event Filtering
***************************************

***************************************
(RQ)       AL-002
***************************************

***************************************
(RQ)       AL-002
***************************************

***************************************
(RQ)       AL-002
***************************************

***************************************
(RQ)       AL-002
***************************************

***************************************
(RQ)       AL-002
***************************************

***************************************
(RQ)       AL-002
***************************************
[       OK ] ActiveLoggerTest.FilteredEventSend (0 ms)
[ RUN      ] ActiveLoggerTest.FilterIdTest

***************************************
TESTCASE 100.1.3: Filter events by ID
***************************************

***************************************
(RQ)       AL-003
***************************************
EVENT: (1) (0:0,0) ACTIVITY_HI: (ActiveLoggerImpl) ID_FILTER_ENABLED : ID 1 is filtered.
EVENT: (1) (0:0,0) ACTIVITY_HI: (ActiveLoggerImpl) ID_FILTER_ENABLED : ID 1 is filtered.
EVENT: (1) (0:0,0) ACTIVITY_HI: (ActiveLoggerImpl) ID_FILTER_ENABLED : ID 2 is filtered.
EVENT: (1) (0:0,0) ACTIVITY_HI: (ActiveLoggerImpl) ID_FILTER_ENABLED : ID 2 is filtered.
EVENT: (1) (0:0,0) ACTIVITY_HI: (ActiveLoggerImpl) ID_FILTER_ENABLED : ID 3 is filtered.
EVENT: (1) (0:0,0) ACTIVITY_HI: (ActiveLoggerImpl) ID_FILTER_ENABLED : ID 3 is filtered.
EVENT: (1) (0:0,0) ACTIVITY_HI: (ActiveLoggerImpl) ID_FILTER_ENABLED : ID 4 is filtered.
EVENT: (1) (0:0,0) ACTIVITY_HI: (ActiveLoggerImpl) ID_FILTER_ENABLED : ID 4 is filtered.
EVENT: (1) (0:0,0) ACTIVITY_HI: (ActiveLoggerImpl) ID_FILTER_ENABLED : ID 5 is filtered.
EVENT: (1) (0:0,0) ACTIVITY_HI: (ActiveLoggerImpl) ID_FILTER_ENABLED : ID 5 is filtered.
EVENT: (1) (0:0,0) ACTIVITY_HI: (ActiveLoggerImpl) ID_FILTER_ENABLED : ID 6 is filtered.
EVENT: (1) (0:0,0) ACTIVITY_HI: (ActiveLoggerImpl) ID_FILTER_ENABLED : ID 6 is filtered.
EVENT: (1) (0:0,0) ACTIVITY_HI: (ActiveLoggerImpl) ID_FILTER_ENABLED : ID 7 is filtered.
EVENT: (1) (0:0,0) ACTIVITY_HI: (ActiveLoggerImpl) ID_FILTER_ENABLED : ID 7 is filtered.
EVENT: (1) (0:0,0) ACTIVITY_HI: (ActiveLoggerImpl) ID_FILTER_ENABLED : ID 8 is filtered.
EVENT: (1) (0:0,0) ACTIVITY_HI: (ActiveLoggerImpl) ID_FILTER_ENABLED : ID 8 is filtered.
EVENT: (1) (0:0,0) ACTIVITY_HI: (ActiveLoggerImpl) ID_FILTER_ENABLED : ID 9 is filtered.
EVENT: (1) (0:0,0) ACTIVITY_HI: (ActiveLoggerImpl) ID_FILTER_ENABLED : ID 9 is filtered.
EVENT: (1) (0:0,0) ACTIVITY_HI: (ActiveLoggerImpl) ID_FILTER_ENABLED : ID 10 is filtered.
EVENT: (1) (0:0,0) ACTIVITY_HI: (ActiveLoggerImpl) ID_FILTER_ENABLED : ID 10 is filtered.
EVENT: (1) (0:0,0) ACTIVITY_HI: (ActiveLoggerImpl) ID_FILTER_ENABLED : ID 11 is filtered.
EVENT: (1) (0:0,0) ACTIVITY_HI: (ActiveLoggerImpl) ID_FILTER_ENABLED : ID 11 is filtered.
EVENT: (1) (0:0,0) ACTIVITY_HI: (ActiveLoggerImpl) ID_FILTER_ENABLED : ID 12 is filtered.
EVENT: (1) (0:0,0) ACTIVITY_HI: (ActiveLoggerImpl) ID_FILTER_ENABLED : ID 12 is filtered.
EVENT: (1) (0:0,0) ACTIVITY_HI: (ActiveLoggerImpl) ID_FILTER_ENABLED : ID 13 is filtered.
EVENT: (1) (0:0,0) ACTIVITY_HI: (ActiveLoggerImpl) ID_FILTER_ENABLED : ID 13 is filtered.
EVENT: (1) (0:0,0) ACTIVITY_HI: (ActiveLoggerImpl) ID_FILTER_ENABLED : ID 14 is filtered.
EVENT: (1) (0:0,0) ACTIVITY_HI: (ActiveLoggerImpl) ID_FILTER_ENABLED : ID 14 is filtered.
EVENT: (1) (0:0,0) ACTIVITY_HI: (ActiveLoggerImpl) ID_FILTER_ENABLED : ID 15 is filtered.
EVENT: (1) (0:0,0) ACTIVITY_HI: (ActiveLoggerImpl) ID_FILTER_ENABLED : ID 15 is filtered.
EVENT: (1) (0:0,0) ACTIVITY_HI: (ActiveLoggerImpl) ID_FILTER_ENABLED : ID 16 is filtered.
EVENT: (1) (0:0,0) ACTIVITY_HI: (ActiveLoggerImpl) ID_FILTER_ENABLED : ID 16 is filtered.
EVENT: (1) (0:0,0) ACTIVITY_HI: (ActiveLoggerImpl) ID_FILTER_ENABLED : ID 17 is filtered.
EVENT: (1) (0:0,0) ACTIVITY_HI: (ActiveLoggerImpl) ID_FILTER_ENABLED : ID 17 is filtered.
EVENT: (1) (0:0,0) ACTIVITY_HI: (ActiveLoggerImpl) ID_FILTER_ENABLED : ID 18 is filtered.
EVENT: (1) (0:0,0) ACTIVITY_HI: (ActiveLoggerImpl) ID_FILTER_ENABLED : ID 18 is filtered.
EVENT: (1) (0:0,0) ACTIVITY_HI: (ActiveLoggerImpl) ID_FILTER_ENABLED : ID 19 is filtered.
EVENT: (1) (0:0,0) ACTIVITY_HI: (ActiveLoggerImpl) ID_FILTER_ENABLED : ID 19 is filtered.
EVENT: (1) (0:0,0) ACTIVITY_HI: (ActiveLoggerImpl) ID_FILTER_ENABLED : ID 20 is filtered.
EVENT: (1) (0:0,0) ACTIVITY_HI: (ActiveLoggerImpl) ID_FILTER_ENABLED : ID 20 is filtered.
EVENT: (1) (0:0,0) ACTIVITY_HI: (ActiveLoggerImpl) ID_FILTER_ENABLED : ID 21 is filtered.
EVENT: (1) (0:0,0) ACTIVITY_HI: (ActiveLoggerImpl) ID_FILTER_ENABLED : ID 21 is filtered.
EVENT: (1) (0:0,0) ACTIVITY_HI: (ActiveLoggerImpl) ID_FILTER_ENABLED : ID 22 is filtered.
EVENT: (1) (0:0,0) ACTIVITY_HI: (ActiveLoggerImpl) ID_FILTER_ENABLED : ID 22 is filtered.
EVENT: (1) (0:0,0) ACTIVITY_HI: (ActiveLoggerImpl) ID_FILTER_ENABLED : ID 23 is filtered.
EVENT: (1) (0:0,0) ACTIVITY_HI: (ActiveLoggerImpl) ID_FILTER_ENABLED : ID 23 is filtered.
EVENT: (1) (0:0,0) ACTIVITY_HI: (ActiveLoggerImpl) ID_FILTER_ENABLED : ID 24 is filtered.
EVENT: (1) (0:0,0) ACTIVITY_HI: (ActiveLoggerImpl) ID_FILTER_ENABLED : ID 24 is filtered.
EVENT: (1) (0:0,0) ACTIVITY_HI: (ActiveLoggerImpl) ID_FILTER_ENABLED : ID 25 is filtered.
EVENT: (1) (0:0,0) ACTIVITY_HI: (ActiveLoggerImpl) ID_FILTER_ENABLED : ID 25 is filtered.
EVENT: (2) (0:0,0) WARNING_LO: (ActiveLoggerImpl) ID_FILTER_LIST_FULL : ID filter list is full. Cannot filter 26 .
EVENT: (3) (0:0,0) ACTIVITY_HI: (ActiveLoggerImpl) ID_FILTER_REMOVED : ID filter ID 1 removed.
EVENT: (3) (0:0,0) ACTIVITY_HI: (ActiveLoggerImpl) ID_FILTER_REMOVED : ID filter ID 2 removed.
EVENT: (3) (0:0,0) ACTIVITY_HI: (ActiveLoggerImpl) ID_FILTER_REMOVED : ID filter ID 3 removed.
EVENT: (3) (0:0,0) ACTIVITY_HI: (ActiveLoggerImpl) ID_FILTER_REMOVED : ID filter ID 4 removed.
EVENT: (3) (0:0,0) ACTIVITY_HI: (ActiveLoggerImpl) ID_FILTER_REMOVED : ID filter ID 5 removed.
EVENT: (3) (0:0,0) ACTIVITY_HI: (ActiveLoggerImpl) ID_FILTER_REMOVED : ID filter ID 6 removed.
EVENT: (3) (0:0,0) ACTIVITY_HI: (ActiveLoggerImpl) ID_FILTER_REMOVED : ID filter ID 7 removed.
EVENT: (3) (0:0,0) ACTIVITY_HI: (ActiveLoggerImpl) ID_FILTER_REMOVED : ID filter ID 8 removed.
EVENT: (3) (0:0,0) ACTIVITY_HI: (ActiveLoggerImpl) ID_FILTER_REMOVED : ID filter ID 9 removed.
EVENT: (3) (0:0,0) ACTIVITY_HI: (ActiveLoggerImpl) ID_FILTER_REMOVED : ID filter ID 10 removed.
EVENT: (3) (0:0,0) ACTIVITY_HI: (ActiveLoggerImpl) ID_FILTER_REMOVED : ID filter ID 11 removed.
EVENT: (3) (0:0,0) ACTIVITY_HI: (ActiveLoggerImpl) ID_FILTER_REMOVED : ID filter ID 12 removed.
EVENT: (3) (0:0,0) ACTIVITY_HI: (ActiveLoggerImpl) ID_FILTER_REMOVED : ID filter ID 13 removed.
EVENT: (3) (0:0,0) ACTIVITY_HI: (ActiveLoggerImpl) ID_FILTER_REMOVED : ID filter ID 14 removed.
EVENT: (3) (0:0,0) ACTIVITY_HI: (ActiveLoggerImpl) ID_FILTER_REMOVED : ID filter ID 15 removed.
EVENT: (3) (0:0,0) ACTIVITY_HI: (ActiveLoggerImpl) ID_FILTER_REMOVED : ID filter ID 16 removed.
EVENT: (3) (0:0,0) ACTIVITY_HI: (ActiveLoggerImpl) ID_FILTER_REMOVED : ID filter ID 17 removed.
EVENT: (3) (0:0,0) ACTIVITY_HI: (ActiveLoggerImpl) ID_FILTER_REMOVED : ID filter ID 18 removed.
EVENT: (3) (0:0,0) ACTIVITY_HI: (ActiveLoggerImpl) ID_FILTER_REMOVED : ID filter ID 19 removed.
EVENT: (3) (0:0,0) ACTIVITY_HI: (ActiveLoggerImpl) ID_FILTER_REMOVED : ID filter ID 20 removed.
EVENT: (3) (0:0,0) ACTIVITY_HI: (ActiveLoggerImpl) ID_FILTER_REMOVED : ID filter ID 21 removed.
EVENT: (3) (0:0,0) ACTIVITY_HI: (ActiveLoggerImpl) ID_FILTER_REMOVED : ID filter ID 22 removed.
EVENT: (3) (0:0,0) ACTIVITY_HI: (ActiveLoggerImpl) ID_FILTER_REMOVED : ID filter ID 23 removed.
EVENT: (3) (0:0,0) ACTIVITY_HI: (ActiveLoggerImpl) ID_FILTER_REMOVED : ID filter ID 24 removed.
EVENT: (3) (0:0,0) ACTIVITY_HI: (ActiveLoggerImpl) ID_FILTER_REMOVED : ID filter ID 25 removed.
EVENT: (4) (0:0,0) WARNING_LO: (ActiveLoggerImpl) ID_FILTER_NOT_FOUND : ID filter ID 10 not found.
[       OK ] ActiveLoggerTest.FilterIdTest (0 ms)
[ RUN      ] ActiveLoggerTest.FilterDumpTest

***************************************
TESTCASE 100.1.3: Dump filter values
***************************************
EVENT: (1) (0:0,0) ACTIVITY_HI: (ActiveLoggerImpl) ID_FILTER_ENABLED : ID 4 is filtered.
EVENT: (1) (0:0,0) ACTIVITY_HI: (ActiveLoggerImpl) ID_FILTER_ENABLED : ID 13 is filtered.
EVENT: (1) (0:0,0) ACTIVITY_HI: (ActiveLoggerImpl) ID_FILTER_ENABLED : ID 4000 is filtered.
EVENT: (0) (0:0,0) ACTIVITY_LO: (ActiveLoggerImpl) SEVERITY_FILTER_STATE : 0 filter state. 1
EVENT: (0) (0:0,0) ACTIVITY_LO: (ActiveLoggerImpl) SEVERITY_FILTER_STATE : 1 filter state. 0
EVENT: (0) (0:0,0) ACTIVITY_LO: (ActiveLoggerImpl) SEVERITY_FILTER_STATE : 2 filter state. 1
EVENT: (0) (0:0,0) ACTIVITY_LO: (ActiveLoggerImpl) SEVERITY_FILTER_STATE : 3 filter state. 0
EVENT: (0) (0:0,0) ACTIVITY_LO: (ActiveLoggerImpl) SEVERITY_FILTER_STATE : 4 filter state. 1
EVENT: (0) (0:0,0) ACTIVITY_LO: (ActiveLoggerImpl) SEVERITY_FILTER_STATE : 5 filter state. 1
EVENT: (1) (0:0,0) ACTIVITY_HI: (ActiveLoggerImpl) ID_FILTER_ENABLED : ID 4 is filtered.
EVENT: (1) (0:0,0) ACTIVITY_HI: (ActiveLoggerImpl) ID_FILTER_ENABLED : ID 13 is filtered.
EVENT: (1) (0:0,0) ACTIVITY_HI: (ActiveLoggerImpl) ID_FILTER_ENABLED : ID 4000 is filtered.
[       OK ] ActiveLoggerTest.FilterDumpTest (0 ms)
[ RUN      ] ActiveLoggerTest.InvalidCommands

***************************************
TESTCASE 100.2.1: Off-Nominal Invalid Commands
***************************************
[       OK ] ActiveLoggerTest.InvalidCommands (0 ms)
[ RUN      ] ActiveLoggerTest.FatalTesting

***************************************
TESTCASE 100.2.2: Off-Nominal FATAL processing
***************************************

***************************************
(RQ)       AL-004
***************************************
[       OK ] ActiveLoggerTest.FatalTesting (0 ms)
[----------] 6 tests from ActiveLoggerTest (1 ms total)

[----------] Global test environment tear-down
[==========] 6 tests from 1 test suite ran. (1 ms total)
[  PASSED  ] 6 tests.
<end of output>
Test time =   0.33 sec
----------------------------------------------------------
Test Passed.
"Svc_ActiveLogger_ut_exe" end time: Jun 07 11:00 PDT
"Svc_ActiveLogger_ut_exe" time elapsed: 00:00:00
----------------------------------------------------------

57/88 Testing: Svc_ActiveTextLogger_ut_exe
57/88 Test: Svc_ActiveTextLogger_ut_exe
Command: "/Users/rohand/jpl/fprime/test-env/fprime-fork/fprime/all_test/bin/Darwin/Svc_ActiveTextLogger_ut_exe"
Directory: /Users/rohand/jpl/fprime/test-env/fprime-fork/fprime/all_test/F-Prime/Svc/ActiveTextLogger
"Svc_ActiveTextLogger_ut_exe" start time: Jun 07 11:00 PDT
Output:
----------------------------------------------------------
[==========] Running 2 tests from 2 test suites.
[----------] Global test environment set-up.
[----------] 1 test from NominalTest
[ RUN      ] NominalTest.Nominal

***************************************
TESTCASE 1: Nominal Test
***************************************
Testing writing to console
EVENT: (1) (0:3,6) ACTIVITY_HI: This component is the greatest!
EVENT: (2) (1:4,7) ACTIVITY_LO: This component is the probably the greatest!
EVENT: (3) (1969-12-31T16:00:05.876) WARNING_LO: This component is maybe the greatest!
Testing writing to console and file
EVENT: (4) (0:5,8) WARNING_LO: This component may be the greatest!
readLine: EVENT: (4) (0:5,8) WARNING_LO: This component may be the greatest!
EVENT: (5) (1:6,9) WARNING_HI: This component is probably not the greatest!
readLine: EVENT: (4) (0:5,8) WARNING_LO: This component may be the greatest!
readLine: EVENT: (5) (1:6,9) WARNING_HI: This component is probably not the greatest!
[       OK ] NominalTest.Nominal (1 ms)
[----------] 1 test from NominalTest (1 ms total)

[----------] 1 test from OffNominalTest
[ RUN      ] OffNominalTest.OffNominal

***************************************
TESTCASE 1: Off-Nominal Test
***************************************
Testing writing text that is larger than FW_INTERNAL_INTERFACE_STRING_MAX_SIZE
Testing writing more than the max file size
EVENT: (1) (0:3,6) ACTIVITY_HI: abcd
readLine: EVENT: (1) (0:3,6) ACTIVITY_HI: abcd
EVENT: (1) (0:3,6) ACTIVITY_HI: This will go over max size of the file!
readLine: EVENT: (1) (0:3,6) ACTIVITY_HI: abcd
Testing with file name that already exists
Testing file name larger than 80 char
Testing file name larger than 79 char and file already exists
Testing with file name that already exists and the next 10 suffixes
<< test_mult_dup test_mult_dup
[       OK ] OffNominalTest.OffNominal (1 ms)
[----------] 1 test from OffNominalTest (1 ms total)

[----------] Global test environment tear-down
[==========] 2 tests from 2 test suites ran. (3 ms total)
[  PASSED  ] 2 tests.
<end of output>
Test time =   0.34 sec
----------------------------------------------------------
Test Passed.
"Svc_ActiveTextLogger_ut_exe" end time: Jun 07 11:00 PDT
"Svc_ActiveTextLogger_ut_exe" time elapsed: 00:00:00
----------------------------------------------------------

58/88 Testing: Svc_ActiveRateGroup_ut_exe
58/88 Test: Svc_ActiveRateGroup_ut_exe
Command: "/Users/rohand/jpl/fprime/test-env/fprime-fork/fprime/all_test/bin/Darwin/Svc_ActiveRateGroup_ut_exe"
Directory: /Users/rohand/jpl/fprime/test-env/fprime-fork/fprime/all_test/F-Prime/Svc/ActiveRateGroup
"Svc_ActiveRateGroup_ut_exe" start time: Jun 07 11:00 PDT
Output:
----------------------------------------------------------
[==========] Running 3 tests from 1 test suite.
[----------] Global test environment set-up.
[----------] 3 tests from ActiveRateGroupTest
[ RUN      ] ActiveRateGroupTest.NominalSchedule

***************************************
TESTCASE 101.1.1: Run nominal rate group execution
***************************************

***************************************
(RQ)       ARG-001
***************************************

***************************************
(RQ)       ARG-002
***************************************

***************************************
(RQ)       ARG-003
***************************************

***************************************
TESTCASE 101.1.1: Run nominal rate group execution
***************************************

***************************************
(RQ)       ARG-001
***************************************

***************************************
(RQ)       ARG-002
***************************************

***************************************
(RQ)       ARG-003
***************************************

***************************************
TESTCASE 101.1.1: Run nominal rate group execution
***************************************

***************************************
(RQ)       ARG-001
***************************************

***************************************
(RQ)       ARG-002
***************************************

***************************************
(RQ)       ARG-003
***************************************
[       OK ] ActiveRateGroupTest.NominalSchedule (0 ms)
[ RUN      ] ActiveRateGroupTest.CycleOverrun

***************************************
TESTCASE 101.2.1: Run cycle slip scenario
***************************************

***************************************
(RQ)       ARG-004
***************************************

***************************************
(RQ)       ARG-004
***************************************

***************************************
(RQ)       ARG-004
***************************************

***************************************
(RQ)       ARG-004
***************************************

***************************************
(RQ)       ARG-004
***************************************

***************************************
TESTCASE 101.2.1: Run cycle slip scenario
***************************************

***************************************
(RQ)       ARG-004
***************************************

***************************************
(RQ)       ARG-004
***************************************

***************************************
(RQ)       ARG-004
***************************************

***************************************
(RQ)       ARG-004
***************************************

***************************************
(RQ)       ARG-004
***************************************

***************************************
TESTCASE 101.2.1: Run cycle slip scenario
***************************************

***************************************
(RQ)       ARG-004
***************************************

***************************************
(RQ)       ARG-004
***************************************

***************************************
(RQ)       ARG-004
***************************************

***************************************
(RQ)       ARG-004
***************************************

***************************************
(RQ)       ARG-004
***************************************
[       OK ] ActiveRateGroupTest.CycleOverrun (0 ms)
[ RUN      ] ActiveRateGroupTest.PingPort
[       OK ] ActiveRateGroupTest.PingPort (0 ms)
[----------] 3 tests from ActiveRateGroupTest (0 ms total)

[----------] Global test environment tear-down
[==========] 3 tests from 1 test suite ran. (0 ms total)
[  PASSED  ] 3 tests.
<end of output>
Test time =   0.33 sec
----------------------------------------------------------
Test Passed.
"Svc_ActiveRateGroup_ut_exe" end time: Jun 07 11:00 PDT
"Svc_ActiveRateGroup_ut_exe" time elapsed: 00:00:00
----------------------------------------------------------

59/88 Testing: Svc_BufferManager_ut_exe
59/88 Test: Svc_BufferManager_ut_exe
Command: "/Users/rohand/jpl/fprime/test-env/fprime-fork/fprime/all_test/bin/Darwin/Svc_BufferManager_ut_exe"
Directory: /Users/rohand/jpl/fprime/test-env/fprime-fork/fprime/all_test/F-Prime/Svc/BufferManager
"Svc_BufferManager_ut_exe" start time: Jun 07 11:00 PDT
Output:
----------------------------------------------------------
[==========] Running 3 tests from 1 test suite.
[----------] Global test environment set-up.
[----------] 3 tests from Nominal
[ RUN      ] Nominal.Setup

***************************************
(RQ)       FPRIME-BM-001
***************************************

***************************************
(RQ)       FPRIME-BM-005
***************************************
[       OK ] Nominal.Setup (0 ms)
[ RUN      ] Nominal.OneSize
EVENT: (0) (0:0,0) WARNING_HI: (BufferManager) NoBuffsAvailable : No available buffers of size 11

***************************************
(RQ)       FPRIME-BM-006
***************************************
Returning buffer 0
Returning buffer 2
Returning buffer 1
Returning buffer 3
EVENT: (1) (0:0,0) WARNING_HI: (BufferManager) ZeroSizeBuffer : Received zero size buffer
[       OK ] Nominal.OneSize (0 ms)
[ RUN      ] Nominal.MultSize

***************************************
(RQ)       FPRIME-BM-002
***************************************

***************************************
(RQ)       FPRIME-BM-003
***************************************
EVENT: (0) (0:0,0) WARNING_HI: (BufferManager) NoBuffsAvailable : No available buffers of size 11

***************************************
(RQ)       FPRIME-BM-004
***************************************
EVENT: (1) (0:0,0) WARNING_HI: (BufferManager) ZeroSizeBuffer : Received zero size buffer
EVENT: (0) (0:0,0) WARNING_HI: (BufferManager) NoBuffsAvailable : No available buffers of size 11
EVENT: (1) (0:0,0) WARNING_HI: (BufferManager) ZeroSizeBuffer : Received zero size buffer
EVENT: (0) (0:0,0) WARNING_HI: (BufferManager) NoBuffsAvailable : No available buffers of size 99
EVENT: (1) (0:0,0) WARNING_HI: (BufferManager) ZeroSizeBuffer : Received zero size buffer
[       OK ] Nominal.MultSize (0 ms)
[----------] 3 tests from Nominal (0 ms total)

[----------] Global test environment tear-down
[==========] 3 tests from 1 test suite ran. (0 ms total)
[  PASSED  ] 3 tests.
<end of output>
Test time =   0.33 sec
----------------------------------------------------------
Test Passed.
"Svc_BufferManager_ut_exe" end time: Jun 07 11:00 PDT
"Svc_BufferManager_ut_exe" time elapsed: 00:00:00
----------------------------------------------------------

60/88 Testing: Svc_BufferLogger_ut_exe
60/88 Test: Svc_BufferLogger_ut_exe
Command: "/Users/rohand/jpl/fprime/test-env/fprime-fork/fprime/all_test/bin/Darwin/Svc_BufferLogger_ut_exe"
Directory: /Users/rohand/jpl/fprime/test-env/fprime-fork/fprime/all_test/F-Prime/Svc/BufferLogger
"Svc_BufferLogger_ut_exe" start time: Jun 07 11:00 PDT
Output:
----------------------------------------------------------
[==========] Running 9 tests from 4 test suites.
[----------] Global test environment set-up.
[----------] 1 test from Test
[ RUN      ] Test.LogNoInit
[       OK ] Test.LogNoInit (12 ms)
[----------] 1 test from Test (12 ms total)

[----------] 3 tests from TestErrors
[ RUN      ] TestErrors.LogFileOpen
[       OK ] TestErrors.LogFileOpen (20 ms)
[ RUN      ] TestErrors.LogFileWrite
[       OK ] TestErrors.LogFileWrite (8 ms)
[ RUN      ] TestErrors.LogFileValidation
[       OK ] TestErrors.LogFileValidation (18 ms)
[----------] 3 tests from TestErrors (46 ms total)

[----------] 4 tests from TestLogging
[ RUN      ] TestLogging.BufferSendIn
[       OK ] TestLogging.BufferSendIn (17 ms)
[ RUN      ] TestLogging.CloseFile
[       OK ] TestLogging.CloseFile (26 ms)
[ RUN      ] TestLogging.ComIn
[       OK ] TestLogging.ComIn (17 ms)
[ RUN      ] TestLogging.OnOff
[       OK ] TestLogging.OnOff (25 ms)
[----------] 4 tests from TestLogging (87 ms total)

[----------] 1 test from TestHealth
[ RUN      ] TestHealth.Ping
[       OK ] TestHealth.Ping (7 ms)
[----------] 1 test from TestHealth (7 ms total)

[----------] Global test environment tear-down
[==========] 9 tests from 4 test suites ran. (153 ms total)
[  PASSED  ] 9 tests.
<end of output>
Test time =   0.50 sec
----------------------------------------------------------
Test Passed.
"Svc_BufferLogger_ut_exe" end time: Jun 07 11:00 PDT
"Svc_BufferLogger_ut_exe" time elapsed: 00:00:00
----------------------------------------------------------

61/88 Testing: Svc_ComLogger_ut_exe
61/88 Test: Svc_ComLogger_ut_exe
Command: "/Users/rohand/jpl/fprime/test-env/fprime-fork/fprime/all_test/bin/Darwin/Svc_ComLogger_ut_exe"
Directory: /Users/rohand/jpl/fprime/test-env/fprime-fork/fprime/all_test/F-Prime/Svc/ComLogger
"Svc_ComLogger_ut_exe" start time: Jun 07 11:00 PDT
Output:
----------------------------------------------------------
[==========] Running 5 tests from 1 test suite.
[----------] Global test environment set-up.
[----------] 5 tests from Test
[ RUN      ] Test.testLogging
[       OK ] Test.testLogging (1 ms)
[ RUN      ] Test.testLoggingNoLength
[       OK ] Test.testLoggingNoLength (1 ms)
[ RUN      ] Test.openError
[       OK ] Test.openError (0 ms)
[ RUN      ] Test.writeError
[       OK ] Test.writeError (0 ms)
[ RUN      ] Test.closeFileCommand
[       OK ] Test.closeFileCommand (0 ms)
[----------] 5 tests from Test (4 ms total)

[----------] Global test environment tear-down
[==========] 5 tests from 1 test suite ran. (4 ms total)
[  PASSED  ] 5 tests.
<end of output>
Test time =   0.34 sec
----------------------------------------------------------
Test Passed.
"Svc_ComLogger_ut_exe" end time: Jun 07 11:00 PDT
"Svc_ComLogger_ut_exe" time elapsed: 00:00:00
----------------------------------------------------------

62/88 Testing: Svc_ComSplitter_ut_exe
62/88 Test: Svc_ComSplitter_ut_exe
Command: "/Users/rohand/jpl/fprime/test-env/fprime-fork/fprime/all_test/bin/Darwin/Svc_ComSplitter_ut_exe"
Directory: /Users/rohand/jpl/fprime/test-env/fprime-fork/fprime/all_test/F-Prime/Svc/ComSplitter
"Svc_ComSplitter_ut_exe" start time: Jun 07 11:00 PDT
Output:
----------------------------------------------------------
[==========] Running 1 test from 1 test suite.
[----------] Global test environment set-up.
[----------] 1 test from TestNominal
[ RUN      ] TestNominal.Nominal
[       OK ] TestNominal.Nominal (0 ms)
[----------] 1 test from TestNominal (0 ms total)

[----------] Global test environment tear-down
[==========] 1 test from 1 test suite ran. (0 ms total)
[  PASSED  ] 1 test.
<end of output>
Test time =   0.31 sec
----------------------------------------------------------
Test Passed.
"Svc_ComSplitter_ut_exe" end time: Jun 07 11:00 PDT
"Svc_ComSplitter_ut_exe" time elapsed: 00:00:00
----------------------------------------------------------

63/88 Testing: Svc_CmdDispatcher_ut_exe
63/88 Test: Svc_CmdDispatcher_ut_exe
Command: "/Users/rohand/jpl/fprime/test-env/fprime-fork/fprime/all_test/bin/Darwin/Svc_CmdDispatcher_ut_exe"
Directory: /Users/rohand/jpl/fprime/test-env/fprime-fork/fprime/all_test/F-Prime/Svc/CmdDispatcher
"Svc_CmdDispatcher_ut_exe" start time: Jun 07 11:00 PDT
Output:
----------------------------------------------------------
[==========] Running 8 tests from 2 test suites.
[----------] Global test environment set-up.
[----------] 3 tests from CmdDispTestNominal
[ RUN      ] CmdDispTestNominal.NominalDispatch

***************************************
TESTCASE 102.1.1: Nominal Dispatch
[...]
Accepted client at 127.0.0.1:57038
Connected to 127.0.0.1:57038 as a tcp client
Accepted client at 127.0.0.1:57038
Connected to 127.0.0.1:57038 as a tcp client
Accepted client at 127.0.0.1:57038
Connected to 127.0.0.1:57038 as a tcp client
Accepted client at 127.0.0.1:57038
Connected to 127.0.0.1:57038 as a tcp client
Accepted client at 127.0.0.1:57038
Connected to 127.0.0.1:57038 as a tcp client
Accepted client at 127.0.0.1:57038
Connected to 127.0.0.1:57038 as a tcp client
Accepted client at 127.0.0.1:57038
Connected to 127.0.0.1:57038 as a tcp client
Accepted client at 127.0.0.1:57038
Connected to 127.0.0.1:57038 as a tcp client
Accepted client at 127.0.0.1:57038
Connected to 127.0.0.1:57038 as a tcp client
Accepted client at 127.0.0.1:57038
Connected to 127.0.0.1:57038 as a tcp client
Accepted client at 127.0.0.1:57038
Connected to 127.0.0.1:57038 as a tcp client
Accepted client at 127.0.0.1:57038
Connected to 127.0.0.1:57038 as a tcp client
Accepted client at 127.0.0.1:57038
[       OK ] Reconnect.MultiMessaging (23 ms)
[ RUN      ] Reconnect.ReceiveThreadReconnect
Listening for single client at 127.0.0.1:17359
Connected to 127.0.0.1:17359 as a tcp client
Accepted client at 127.0.0.1:17359
Connected to 127.0.0.1:17359 as a tcp client
Accepted client at 127.0.0.1:17359
Connected to 127.0.0.1:17359 as a tcp client
Accepted client at 127.0.0.1:17359
Connected to 127.0.0.1:17359 as a tcp client
Accepted client at 127.0.0.1:17359
Connected to 127.0.0.1:17359 as a tcp client
Accepted client at 127.0.0.1:17359
Connected to 127.0.0.1:17359 as a tcp client
Accepted client at 127.0.0.1:17359
Connected to 127.0.0.1:17359 as a tcp client
Accepted client at 127.0.0.1:17359
Connected to 127.0.0.1:17359 as a tcp client
Accepted client at 127.0.0.1:17359
Connected to 127.0.0.1:17359 as a tcp client
Accepted client at 127.0.0.1:17359
Connected to 127.0.0.1:17359 as a tcp client
Accepted client at 127.0.0.1:17359
[WARNING] Failed to open port with status -11 and errno 9
[       OK ] Reconnect.ReceiveThreadReconnect (1131 ms)
[----------] 2 tests from Reconnect (1155 ms total)

[----------] Global test environment tear-down
[==========] 4 tests from 2 test suites ran. (2173 ms total)
[  PASSED  ] 4 tests.
<end of output>
Test time =   2.50 sec
----------------------------------------------------------
Test Passed.
"Drv_TcpServer_ut_exe" end time: Jun 07 11:00 PDT
"Drv_TcpServer_ut_exe" time elapsed: 00:00:02
----------------------------------------------------------

85/88 Testing: Drv_Udp_ut_exe
85/88 Test: Drv_Udp_ut_exe
Command: "/Users/rohand/jpl/fprime/test-env/fprime-fork/fprime/all_test/bin/Darwin/Drv_Udp_ut_exe"
Directory: /Users/rohand/jpl/fprime/test-env/fprime-fork/fprime/all_test/F-Prime/Drv/Udp
"Drv_Udp_ut_exe" start time: Jun 07 11:00 PDT
Output:
----------------------------------------------------------
[==========] Running 4 tests from 2 test suites.
[----------] Global test environment set-up.
[----------] 2 tests from Nominal
[ RUN      ] Nominal.BasicMessaging
Setup to send and receive udp to 127.0.0.1:20175
Setup to send and receive udp to 127.0.0.1:20431
[       OK ] Nominal.BasicMessaging (0 ms)
[ RUN      ] Nominal.BasicReceiveThread
Setup to send and receive udp to 127.0.0.1:20687
Setup to send and receive udp to 127.0.0.1:20943
[       OK ] Nominal.BasicReceiveThread (12 ms)
[----------] 2 tests from Nominal (13 ms total)

[----------] 2 tests from Reconnect
[ RUN      ] Reconnect.MultiMessaging
Setup to send and receive udp to 127.0.0.1:21199
Setup to send and receive udp to 127.0.0.1:21455
Setup to send and receive udp to 127.0.0.1:21199
Setup to send and receive udp to 127.0.0.1:21455
Setup to send and receive udp to 127.0.0.1:21199
Setup to send and receive udp to 127.0.0.1:21455
Setup to send and receive udp to 127.0.0.1:21199
Setup to send and receive udp to 127.0.0.1:21455
Setup to send and receive udp to 127.0.0.1:21199
Setup to send and receive udp to 127.0.0.1:21455
Setup to send and receive udp to 127.0.0.1:21199
Setup to send and receive udp to 127.0.0.1:21455
Setup to send and receive udp to 127.0.0.1:21199
Setup to send and receive udp to 127.0.0.1:21455
Setup to send and receive udp to 127.0.0.1:21199
Setup to send and receive udp to 127.0.0.1:21455
Setup to send and receive udp to 127.0.0.1:21199
Setup to send and receive udp to 127.0.0.1:21455
Setup to send and receive udp to 127.0.0.1:21199
Setup to send and receive udp to 127.0.0.1:21455
Setup to send and receive udp to 127.0.0.1:21199
Setup to send and receive udp to 127.0.0.1:21455
Setup to send and receive udp to 127.0.0.1:21199
Setup to send and receive udp to 127.0.0.1:21455
Setup to send and receive udp to 127.0.0.1:21199
Setup to send and receive udp to 127.0.0.1:21455
Setup to send and receive udp to 127.0.0.1:21199
Setup to send and receive udp to 127.0.0.1:21455
Setup to send and receive udp to 127.0.0.1:21199
Setup to send and receive udp to 127.0.0.1:21455
Setup to send and receive udp to 127.0.0.1:21199
Setup to send and receive udp to 127.0.0.1:21455
Setup to send and receive udp to 127.0.0.1:21199
Setup to send and receive udp to 127.0.0.1:21455
Setup to send and receive udp to 127.0.0.1:21199
Setup to send and receive udp to 127.0.0.1:21455
Setup to send and receive udp to 127.0.0.1:21199
Setup to send and receive udp to 127.0.0.1:21455
Setup to send and receive udp to 127.0.0.1:21199
Setup to send and receive udp to 127.0.0.1:21455
Setup to send and receive udp to 127.0.0.1:21199
Setup to send and receive udp to 127.0.0.1:21455
Setup to send and receive udp to 127.0.0.1:21199
Setup to send and receive udp to 127.0.0.1:21455
Setup to send and receive udp to 127.0.0.1:21199
Setup to send and receive udp to 127.0.0.1:21455
Setup to send and receive udp to 127.0.0.1:21199
Setup to send and receive udp to 127.0.0.1:21455
Setup to send and receive udp to 127.0.0.1:21199
Setup to send and receive udp to 127.0.0.1:21455
Setup to send and receive udp to 127.0.0.1:21199
Setup to send and receive udp to 127.0.0.1:21455
Setup to send and receive udp to 127.0.0.1:21199
Setup to send and receive udp to 127.0.0.1:21455
Setup to send and receive udp to 127.0.0.1:21199
Setup to send and receive udp to 127.0.0.1:21455
Setup to send and receive udp to 127.0.0.1:21199
Setup to send and receive udp to 127.0.0.1:21455
Setup to send and receive udp to 127.0.0.1:21199
Setup to send and receive udp to 127.0.0.1:21455
Setup to send and receive udp to 127.0.0.1:21199
Setup to send and receive udp to 127.0.0.1:21455
Setup to send and receive udp to 127.0.0.1:21199
Setup to send and receive udp to 127.0.0.1:21455
Setup to send and receive udp to 127.0.0.1:21199
Setup to send and receive udp to 127.0.0.1:21455
Setup to send and receive udp to 127.0.0.1:21199
Setup to send and receive udp to 127.0.0.1:21455
Setup to send and receive udp to 127.0.0.1:21199
Setup to send and receive udp to 127.0.0.1:21455
Setup to send and receive udp to 127.0.0.1:21199
Setup to send and receive udp to 127.0.0.1:21455
Setup to send and receive udp to 127.0.0.1:21199
Setup to send and receive udp to 127.0.0.1:21455
Setup to send and receive udp to 127.0.0.1:21199
Setup to send and receive udp to 127.0.0.1:21455
Setup to send and receive udp to 127.0.0.1:21199
Setup to send and receive udp to 127.0.0.1:21455
Setup to send and receive udp to 127.0.0.1:21199
Setup to send and receive udp to 127.0.0.1:21455
Setup to send and receive udp to 127.0.0.1:21199
Setup to send and receive udp to 127.0.0.1:21455
Setup to send and receive udp to 127.0.0.1:21199
Setup to send and receive udp to 127.0.0.1:21455
Setup to send and receive udp to 127.0.0.1:21199
Setup to send and receive udp to 127.0.0.1:21455
Setup to send and receive udp to 127.0.0.1:21199
Setup to send and receive udp to 127.0.0.1:21455
Setup to send and receive udp to 127.0.0.1:21199
Setup to send and receive udp to 127.0.0.1:21455
Setup to send and receive udp to 127.0.0.1:21199
Setup to send and receive udp to 127.0.0.1:21455
Setup to send and receive udp to 127.0.0.1:21199
Setup to send and receive udp to 127.0.0.1:21455
Setup to send and receive udp to 127.0.0.1:21199
Setup to send and receive udp to 127.0.0.1:21455
Setup to send and receive udp to 127.0.0.1:21199
Setup to send and receive udp to 127.0.0.1:21455
Setup to send and receive udp to 127.0.0.1:21199
Setup to send and receive udp to 127.0.0.1:21455
Setup to send and receive udp to 127.0.0.1:21199
Setup to send and receive udp to 127.0.0.1:21455
Setup to send and receive udp to 127.0.0.1:21199
Setup to send and receive udp to 127.0.0.1:21455
Setup to send and receive udp to 127.0.0.1:21199
Setup to send and receive udp to 127.0.0.1:21455
Setup to send and receive udp to 127.0.0.1:21199
Setup to send and receive udp to 127.0.0.1:21455
Setup to send and receive udp to 127.0.0.1:21199
Setup to send and receive udp to 127.0.0.1:21455
Setup to send and receive udp to 127.0.0.1:21199
Setup to send and receive udp to 127.0.0.1:21455
Setup to send and receive udp to 127.0.0.1:21199
Setup to send and receive udp to 127.0.0.1:21455
Setup to send and receive udp to 127.0.0.1:21199
Setup to send and receive udp to 127.0.0.1:21455
Setup to send and receive udp to 127.0.0.1:21199
Setup to send and receive udp to 127.0.0.1:21455
Setup to send and receive udp to 127.0.0.1:21199
Setup to send and receive udp to 127.0.0.1:21455
Setup to send and receive udp to 127.0.0.1:21199
Setup to send and receive udp to 127.0.0.1:21455
Setup to send and receive udp to 127.0.0.1:21199
Setup to send and receive udp to 127.0.0.1:21455
Setup to send and receive udp to 127.0.0.1:21199
Setup to send and receive udp to 127.0.0.1:21455
Setup to send and receive udp to 127.0.0.1:21199
Setup to send and receive udp to 127.0.0.1:21455
Setup to send and receive udp to 127.0.0.1:21199
Setup to send and receive udp to 127.0.0.1:21455
Setup to send and receive udp to 127.0.0.1:21199
Setup to send and receive udp to 127.0.0.1:21455
Setup to send and receive udp to 127.0.0.1:21199
Setup to send and receive udp to 127.0.0.1:21455
Setup to send and receive udp to 127.0.0.1:21199
Setup to send and receive udp to 127.0.0.1:21455
Setup to send and receive udp to 127.0.0.1:21199
Setup to send and receive udp to 127.0.0.1:21455
Setup to send and receive udp to 127.0.0.1:21199
Setup to send and receive udp to 127.0.0.1:21455
Setup to send and receive udp to 127.0.0.1:21199
Setup to send and receive udp to 127.0.0.1:21455
Setup to send and receive udp to 127.0.0.1:21199
Setup to send and receive udp to 127.0.0.1:21455
Setup to send and receive udp to 127.0.0.1:21199
Setup to send and receive udp to 127.0.0.1:21455
Setup to send and receive udp to 127.0.0.1:21199
Setup to send and receive udp to 127.0.0.1:21455
Setup to send and receive udp to 127.0.0.1:21199
Setup to send and receive udp to 127.0.0.1:21455
Setup to send and receive udp to 127.0.0.1:21199
Setup to send and receive udp to 127.0.0.1:21455
Setup to send and receive udp to 127.0.0.1:21199
Setup to send and receive udp to 127.0.0.1:21455
Setup to send and receive udp to 127.0.0.1:21199
Setup to send and receive udp to 127.0.0.1:21455
Setup to send and receive udp to 127.0.0.1:21199
Setup to send and receive udp to 127.0.0.1:21455
Setup to send and receive udp to 127.0.0.1:21199
Setup to send and receive udp to 127.0.0.1:21455
Setup to send and receive udp to 127.0.0.1:21199
Setup to send and receive udp to 127.0.0.1:21455
Setup to send and receive udp to 127.0.0.1:21199
Setup to send and receive udp to 127.0.0.1:21455
Setup to send and receive udp to 127.0.0.1:21199
Setup to send and receive udp to 127.0.0.1:21455
Setup to send and receive udp to 127.0.0.1:21199
Setup to send and receive udp to 127.0.0.1:21455
Setup to send and receive udp to 127.0.0.1:21199
Setup to send and receive udp to 127.0.0.1:21455
Setup to send and receive udp to 127.0.0.1:21199
Setup to send and receive udp to 127.0.0.1:21455
Setup to send and receive udp to 127.0.0.1:21199
Setup to send and receive udp to 127.0.0.1:21455
Setup to send and receive udp to 127.0.0.1:21199
Setup to send and receive udp to 127.0.0.1:21455
Setup to send and receive udp to 127.0.0.1:21199
Setup to send and receive udp to 127.0.0.1:21455
Setup to send and receive udp to 127.0.0.1:21199
Setup to send and receive udp to 127.0.0.1:21455
Setup to send and receive udp to 127.0.0.1:21199
Setup to send and receive udp to 127.0.0.1:21455
Setup to send and receive udp to 127.0.0.1:21199
Setup to send and receive udp to 127.0.0.1:21455
Setup to send and receive udp to 127.0.0.1:21199
Setup to send and receive udp to 127.0.0.1:21455
Setup to send and receive udp to 127.0.0.1:21199
Setup to send and receive udp to 127.0.0.1:21455
Setup to send and receive udp to 127.0.0.1:21199
Setup to send and receive udp to 127.0.0.1:21455
Setup to send and receive udp to 127.0.0.1:21199
Setup to send and receive udp to 127.0.0.1:21455
Setup to send and receive udp to 127.0.0.1:21199
Setup to send and receive udp to 127.0.0.1:21455
Setup to send and receive udp to 127.0.0.1:21199
Setup to send and receive udp to 127.0.0.1:21455
Setup to send and receive udp to 127.0.0.1:21199
Setup to send and receive udp to 127.0.0.1:21455
Setup to send and receive udp to 127.0.0.1:21199
Setup to send and receive udp to 127.0.0.1:21455
[       OK ] Reconnect.MultiMessaging (12 ms)
[ RUN      ] Reconnect.ReceiveThreadReconnect
Setup to send and receive udp to 127.0.0.1:21711
Setup to send and receive udp to 127.0.0.1:21967
Setup to send and receive udp to 127.0.0.1:21711
Setup to send and receive udp to 127.0.0.1:21967
Setup to send and receive udp to 127.0.0.1:21711
Setup to send and receive udp to 127.0.0.1:21967
Setup to send and receive udp to 127.0.0.1:21711
Setup to send and receive udp to 127.0.0.1:21967
Setup to send and receive udp to 127.0.0.1:21711
Setup to send and receive udp to 127.0.0.1:21967
Setup to send and receive udp to 127.0.0.1:21711
Setup to send and receive udp to 127.0.0.1:21967
Setup to send and receive udp to 127.0.0.1:21711
Setup to send and receive udp to 127.0.0.1:21967
[WARNING] Failed to recv from port with status -8 and errno 9
Setup to send and receive udp to 127.0.0.1:21711
Setup to send and receive udp to 127.0.0.1:21967
Setup to send and receive udp to 127.0.0.1:21711
Setup to send and receive udp to 127.0.0.1:21967
Setup to send and receive udp to 127.0.0.1:21711
Setup to send and receive udp to 127.0.0.1:21967
Setup to send and receive udp to 127.0.0.1:21711
[       OK ] Reconnect.ReceiveThreadReconnect (120 ms)
[----------] 2 tests from Reconnect (132 ms total)

[----------] Global test environment tear-down
[==========] 4 tests from 2 test suites ran. (146 ms total)
[  PASSED  ] 4 tests.
<end of output>
Test time =   0.47 sec
----------------------------------------------------------
Test Passed.
"Drv_Udp_ut_exe" end time: Jun 07 11:00 PDT
"Drv_Udp_ut_exe" time elapsed: 00:00:00
----------------------------------------------------------

86/88 Testing: CFDP_Checksum_ut_exe
86/88 Test: CFDP_Checksum_ut_exe
Command: "/Users/rohand/jpl/fprime/test-env/fprime-fork/fprime/all_test/bin/Darwin/CFDP_Checksum_ut_exe"
Directory: /Users/rohand/jpl/fprime/test-env/fprime-fork/fprime/all_test/F-Prime/CFDP/Checksum
"CFDP_Checksum_ut_exe" start time: Jun 07 11:00 PDT
Output:
----------------------------------------------------------
[==========] Running 5 tests from 1 test suite.
[----------] Global test environment set-up.
[----------] 5 tests from Checksum
[ RUN      ] Checksum.OnePacket
[       OK ] Checksum.OnePacket (0 ms)
[ RUN      ] Checksum.TwoPacketsAligned
[       OK ] Checksum.TwoPacketsAligned (0 ms)
[ RUN      ] Checksum.TwoPacketsUnaligned1
[       OK ] Checksum.TwoPacketsUnaligned1 (0 ms)
[ RUN      ] Checksum.TwoPacketsUnaligned2
[       OK ] Checksum.TwoPacketsUnaligned2 (0 ms)
[ RUN      ] Checksum.ThreePackets
[       OK ] Checksum.ThreePackets (0 ms)
[----------] 5 tests from Checksum (0 ms total)

[----------] Global test environment tear-down
[==========] 5 tests from 1 test suite ran. (0 ms total)
[  PASSED  ] 5 tests.
<end of output>
Test time =   0.81 sec
----------------------------------------------------------
Test Passed.
"CFDP_Checksum_ut_exe" end time: Jun 07 11:00 PDT
"CFDP_Checksum_ut_exe" time elapsed: 00:00:00
----------------------------------------------------------

87/88 Testing: Utils_ut_exe
87/88 Test: Utils_ut_exe
Command: "/Users/rohand/jpl/fprime/test-env/fprime-fork/fprime/all_test/bin/Darwin/Utils_ut_exe"
Directory: /Users/rohand/jpl/fprime/test-env/fprime-fork/fprime/all_test/F-Prime/Utils
"Utils_ut_exe" start time: Jun 07 11:00 PDT
Output:
----------------------------------------------------------
[==========] Running 7 tests from 3 test suites.
[----------] Global test environment set-up.
[----------] 1 test from LockGuardTest
[ RUN      ] LockGuardTest.TestLocking
[       OK ] LockGuardTest.TestLocking (202 ms)
[----------] 1 test from LockGuardTest (203 ms total)

[----------] 3 tests from RateLimiterTest
[ RUN      ] RateLimiterTest.TestCounterTriggering
[       OK ] RateLimiterTest.TestCounterTriggering (8 ms)
[ RUN      ] RateLimiterTest.TestTimeTriggering
[       OK ] RateLimiterTest.TestTimeTriggering (168 ms)
[ RUN      ] RateLimiterTest.TestCounterAndTimeTriggering
[       OK ] RateLimiterTest.TestCounterAndTimeTriggering (478 ms)
[----------] 3 tests from RateLimiterTest (655 ms total)

[----------] 3 tests from TokenBucketTest
[ RUN      ] TokenBucketTest.TestTriggering
[       OK ] TokenBucketTest.TestTriggering (1 ms)
[ RUN      ] TokenBucketTest.TestReconfiguring
[       OK ] TokenBucketTest.TestReconfiguring (0 ms)
[ RUN      ] TokenBucketTest.TestInitialSettings
[       OK ] TokenBucketTest.TestInitialSettings (0 ms)
[----------] 3 tests from TokenBucketTest (1 ms total)

[----------] Global test environment tear-down
[==========] 7 tests from 3 test suites ran. (860 ms total)
[  PASSED  ] 7 tests.
<end of output>
Test time =   1.18 sec
----------------------------------------------------------
Test Passed.
"Utils_ut_exe" end time: Jun 07 11:00 PDT
"Utils_ut_exe" time elapsed: 00:00:01
----------------------------------------------------------

88/88 Testing: Types_Circular_Buffer_ut_exe
88/88 Test: Types_Circular_Buffer_ut_exe
Command: "/Users/rohand/jpl/fprime/test-env/fprime-fork/fprime/all_test/bin/Darwin/Types_Circular_Buffer_ut_exe"
Directory: /Users/rohand/jpl/fprime/test-env/fprime-fork/fprime/all_test/F-Prime/Utils/Types
"Types_Circular_Buffer_ut_exe" start time: Jun 07 11:00 PDT
Output:
----------------------------------------------------------
[==========] Running 7 tests from 1 test suite.
[----------] Global test environment set-up.
[----------] 7 tests from CircularBufferTests
[ RUN      ] CircularBufferTests.RandomCircularTests
Ran 1000 steps.
[       OK ] CircularBufferTests.RandomCircularTests (90 ms)
[ RUN      ] CircularBufferTests.BasicSerializeTest
[       OK ] CircularBufferTests.BasicSerializeTest (0 ms)
[ RUN      ] CircularBufferTests.BasicOverflowTest
[       OK ] CircularBufferTests.BasicOverflowTest (0 ms)
[ RUN      ] CircularBufferTests.BasicPeekTest
[       OK ] CircularBufferTests.BasicPeekTest (0 ms)
[ RUN      ] CircularBufferTests.BasicPeekBadTest
[       OK ] CircularBufferTests.BasicPeekBadTest (0 ms)
[ RUN      ] CircularBufferTests.BasicRotateTest
[       OK ] CircularBufferTests.BasicRotateTest (0 ms)
[ RUN      ] CircularBufferTests.BasicRotateBadTest
[       OK ] CircularBufferTests.BasicRotateBadTest (0 ms)
[----------] 7 tests from CircularBufferTests (92 ms total)

[----------] Global test environment tear-down
[==========] 7 tests from 1 test suite ran. (92 ms total)
[  PASSED  ] 7 tests.
<end of output>
Test time =   0.40 sec
----------------------------------------------------------
Test Passed.
"Types_Circular_Buffer_ut_exe" end time: Jun 07 11:00 PDT
"Types_Circular_Buffer_ut_exe" time elapsed: 00:00:00
----------------------------------------------------------

End testing: Jun 07 11:00 PDT
